#
# There is insufficient memory for the Java Runtime Environment to continue.
# Native memory allocation (malloc) failed to allocate 1833936 bytes for Chunk::new
# Possible reasons:
#   The system is out of physical RAM or swap space
#   The process is running with CompressedOops enabled, and the Java Heap may be blocking the growth of the native heap
# Possible solutions:
#   Reduce memory load on the system
#   Increase physical memory or swap space
#   Check if swap backing store is full
#   Decrease Java heap size (-Xmx/-Xms)
#   Decrease number of Java threads
#   Decrease Java thread stack sizes (-Xss)
#   Set larger code cache with -XX:ReservedCodeCacheSize=
#   JVM is running with Unscaled Compressed Oops mode in which the Java heap is
#     placed in the first 4GB address space. The Java Heap base address is the
#     maximum limit for the native heap growth. Please use -XX:HeapBaseMinAddress
#     to set the Java Heap base and to place the Java Heap above 4GB virtual address.
# This output file may be truncated or incomplete.
#
#  Out of Memory Error (arena.cpp:189), pid=13960, tid=1052
#
# JRE version: OpenJDK Runtime Environment Temurin-17.0.6+10 (17.0.6+10) (build 17.0.6+10)
# Java VM: OpenJDK 64-Bit Server VM Temurin-17.0.6+10 (17.0.6+10, mixed mode, tiered, compressed oops, compressed class ptrs, parallel gc, windows-amd64)
# No core dump will be written. Minidumps are not enabled by default on client versions of Windows
#

---------------  S U M M A R Y ------------

Command Line: --add-modules=ALL-SYSTEM --add-opens=java.base/java.util=ALL-UNNAMED --add-opens=java.base/java.lang=ALL-UNNAMED --add-opens=java.base/sun.nio.fs=ALL-UNNAMED -Declipse.application=org.eclipse.jdt.ls.core.id1 -Dosgi.bundles.defaultStartLevel=4 -Declipse.product=org.eclipse.jdt.ls.core.product -Djava.import.generatesMetadataFilesAtProjectRoot=false -Dfile.encoding=utf8 -XX:+UseParallelGC -XX:GCTimeRatio=4 -XX:AdaptiveSizePolicyWeight=90 -Dsun.zip.disableMemoryMapping=true -Xmx1G -Xms100m -Xlog:disable -javaagent:c:\Users\Make Tomorrow Better\.vscode\extensions\redhat.java-1.16.0-win32-x64\lombok\lombok-1.18.24.jar -XX:+HeapDumpOnOutOfMemoryError -XX:HeapDumpPath=c:\Users\Make Tomorrow Better\AppData\Roaming\Code\User\workspaceStorage\fc133208676e33f16296db528294fcae\redhat.java c:\Users\Make Tomorrow Better\.vscode\extensions\redhat.java-1.16.0-win32-x64\server\plugins\org.eclipse.equinox.launcher_1.6.400.v20210924-0641.jar -configuration c:\Users\Make Tomorrow Better\AppData\Roaming\Code\User\globalStorage\redhat.java\1.16.0\config_win -data c:\Users\Make Tomorrow Better\AppData\Roaming\Code\User\workspaceStorage\fc133208676e33f16296db528294fcae\redhat.java\jdt_ws

Host: Intel(R) Core(TM) i5-8400 CPU @ 2.80GHz, 6 cores, 15G,  Windows 10 , 64 bit Build 17763 (10.0.17763.475)
Time: Mon Mar 27 11:40:52 2023 GMT Daylight Time elapsed time: 3.080953 seconds (0d 0h 0m 3s)

---------------  T H R E A D  ---------------

Current thread (0x0000022b3286e7c0):  JavaThread "C2 CompilerThread0" daemon [_thread_in_native, id=1052, stack(0x0000005b6db00000,0x0000005b6dc00000)]


Current CompileTask:
C2:   3080 2588       4       org.objectweb.asm.ClassReader::readMethod (1066 bytes)

Stack: [0x0000005b6db00000,0x0000005b6dc00000]
Native frames: (J=compiled Java code, j=interpreted, Vv=VM code, C=native code)
V  [jvm.dll+0x67741a]
V  [jvm.dll+0x834434]
V  [jvm.dll+0x835bde]
V  [jvm.dll+0x836243]
V  [jvm.dll+0x2457b5]
V  [jvm.dll+0xabafc]
V  [jvm.dll+0xac0cc]
V  [jvm.dll+0x363492]
V  [jvm.dll+0x1bbd68]
V  [jvm.dll+0x218749]
V  [jvm.dll+0x217a11]
V  [jvm.dll+0x1a3d0d]
V  [jvm.dll+0x22742a]
V  [jvm.dll+0x225565]
V  [jvm.dll+0x7ea2cb]
V  [jvm.dll+0x7e483a]
V  [jvm.dll+0x6762c5]
C  [ucrtbase.dll+0x21ffa]
C  [KERNEL32.DLL+0x17974]
C  [ntdll.dll+0x6a271]


---------------  P R O C E S S  ---------------

Threads class SMR info:
_java_thread_list=0x0000022b34a3e5f0, length=22, elements={
0x0000022b1ac04910, 0x0000022b32852690, 0x0000022b309bb630, 0x0000022b309cc7d0,
0x0000022b309cd440, 0x0000022b309ce0b0, 0x0000022b3286ded0, 0x0000022b3286e7c0,
0x0000022b328cc620, 0x0000022b328ccc70, 0x0000022b3296e260, 0x0000022b32b442a0,
0x0000022b34000510, 0x0000022b341a53d0, 0x0000022b33524fd0, 0x0000022b341ee230,
0x0000022b334d2840, 0x0000022b344170d0, 0x0000022b34405e10, 0x0000022b346bd910,
0x0000022b343fadd0, 0x0000022b343fbc40
}

Java Threads: ( => current thread )
  0x0000022b1ac04910 JavaThread "main" [_thread_blocked, id=10360, stack(0x0000005b6d100000,0x0000005b6d200000)]
  0x0000022b32852690 JavaThread "Reference Handler" daemon [_thread_blocked, id=20004, stack(0x0000005b6d500000,0x0000005b6d600000)]
  0x0000022b309bb630 JavaThread "Finalizer" daemon [_thread_blocked, id=13892, stack(0x0000005b6d600000,0x0000005b6d700000)]
  0x0000022b309cc7d0 JavaThread "Signal Dispatcher" daemon [_thread_blocked, id=20660, stack(0x0000005b6d700000,0x0000005b6d800000)]
  0x0000022b309cd440 JavaThread "Attach Listener" daemon [_thread_blocked, id=17580, stack(0x0000005b6d800000,0x0000005b6d900000)]
  0x0000022b309ce0b0 JavaThread "Service Thread" daemon [_thread_blocked, id=21452, stack(0x0000005b6d900000,0x0000005b6da00000)]
  0x0000022b3286ded0 JavaThread "Monitor Deflation Thread" daemon [_thread_blocked, id=18240, stack(0x0000005b6da00000,0x0000005b6db00000)]
=>0x0000022b3286e7c0 JavaThread "C2 CompilerThread0" daemon [_thread_in_native, id=1052, stack(0x0000005b6db00000,0x0000005b6dc00000)]
  0x0000022b328cc620 JavaThread "C1 CompilerThread0" daemon [_thread_blocked, id=19872, stack(0x0000005b6dc00000,0x0000005b6dd00000)]
  0x0000022b328ccc70 JavaThread "Sweeper thread" daemon [_thread_blocked, id=20448, stack(0x0000005b6dd00000,0x0000005b6de00000)]
  0x0000022b3296e260 JavaThread "Common-Cleaner" daemon [_thread_blocked, id=12168, stack(0x0000005b6de00000,0x0000005b6df00000)]
  0x0000022b32b442a0 JavaThread "Notification Thread" daemon [_thread_blocked, id=9648, stack(0x0000005b6df00000,0x0000005b6e000000)]
  0x0000022b34000510 JavaThread "Active Thread: Equinox Container: f192cae6-378a-4637-b40f-b36f9d8d5b67" [_thread_blocked, id=4548, stack(0x0000005b6e700000,0x0000005b6e800000)]
  0x0000022b341a53d0 JavaThread "Framework Event Dispatcher: Equinox Container: f192cae6-378a-4637-b40f-b36f9d8d5b67" daemon [_thread_blocked, id=13992, stack(0x0000005b6e800000,0x0000005b6e900000)]
  0x0000022b33524fd0 JavaThread "Start Level: Equinox Container: f192cae6-378a-4637-b40f-b36f9d8d5b67" daemon [_thread_in_native, id=18308, stack(0x0000005b6e900000,0x0000005b6ea00000)]
  0x0000022b341ee230 JavaThread "SCR Component Actor" daemon [_thread_blocked, id=12976, stack(0x0000005b6ea00000,0x0000005b6eb00000)]
  0x0000022b334d2840 JavaThread "SCR Component Registry" daemon [_thread_blocked, id=17960, stack(0x0000005b6eb00000,0x0000005b6ec00000)]
  0x0000022b344170d0 JavaThread "Worker-JM" [_thread_blocked, id=16200, stack(0x0000005b6e100000,0x0000005b6e200000)]
  0x0000022b34405e10 JavaThread "C2 CompilerThread1" daemon [_thread_blocked, id=4308, stack(0x0000005b6ec00000,0x0000005b6ed00000)]
  0x0000022b346bd910 JavaThread "Worker-0" [_thread_blocked, id=12772, stack(0x0000005b6ed00000,0x0000005b6ee00000)]
  0x0000022b343fadd0 JavaThread "Worker-1" [_thread_blocked, id=9780, stack(0x0000005b6ee00000,0x0000005b6ef00000)]
  0x0000022b343fbc40 JavaThread "Java indexing" daemon [_thread_blocked, id=11360, stack(0x0000005b6ef00000,0x0000005b6f000000)]

Other Threads:
  0x0000022b3099ce60 VMThread "VM Thread" [stack: 0x0000005b6d400000,0x0000005b6d500000] [id=10656]
  0x0000022b32b44770 WatcherThread [stack: 0x0000005b6e000000,0x0000005b6e100000] [id=18480]
  0x0000022b1ac177f0 GCTaskThread "GC Thread#0" [stack: 0x0000005b6d200000,0x0000005b6d300000] [id=18748]
  0x0000022b32dba280 GCTaskThread "GC Thread#1" [stack: 0x0000005b6e200000,0x0000005b6e300000] [id=21152]
  0x0000022b32ef12d0 GCTaskThread "GC Thread#2" [stack: 0x0000005b6e300000,0x0000005b6e400000] [id=18304]
  0x0000022b32ef1580 GCTaskThread "GC Thread#3" [stack: 0x0000005b6e400000,0x0000005b6e500000] [id=1144]
  0x0000022b32ef1830 GCTaskThread "GC Thread#4" [stack: 0x0000005b6e500000,0x0000005b6e600000] [id=18260]
  0x0000022b32ef1ae0 GCTaskThread "GC Thread#5" [stack: 0x0000005b6e600000,0x0000005b6e700000] [id=8268]

Threads with active compile tasks:
C2 CompilerThread0     3096 2588       4       org.objectweb.asm.ClassReader::readMethod (1066 bytes)

VM state: not at safepoint (normal execution)

VM Mutex/Monitor currently owned by a thread: None

Heap address: 0x00000000c0000000, size: 1024 MB, Compressed Oops mode: 32-bit

CDS archive(s) not mapped
Compressed class space mapped at: 0x0000000100000000-0x0000000140000000, reserved size: 1073741824
Narrow klass base: 0x0000000000000000, Narrow klass shift: 3, Narrow klass range: 0x140000000

GC Precious Log:
 CPUs: 6 total, 6 available
 Memory: 16211M
 Large Page Support: Disabled
 NUMA Support: Disabled
 Compressed Oops: Enabled (32-bit)
 Alignments: Space 512K, Generation 512K, Heap 2M
 Heap Min Capacity: 100M
 Heap Initial Capacity: 100M
 Heap Max Capacity: 1G
 Pre-touch: Disabled
 Parallel Workers: 6

Heap:
 PSYoungGen      total 27648K, used 24022K [0x00000000eab00000, 0x00000000eca00000, 0x0000000100000000)
  eden space 24576K, 85% used [0x00000000eab00000,0x00000000ebf7b598,0x00000000ec300000)
  from space 3072K, 99% used [0x00000000ec680000,0x00000000ec97a5b8,0x00000000ec980000)
  to   space 3584K, 0% used [0x00000000ec300000,0x00000000ec300000,0x00000000ec680000)
 ParOldGen       total 68608K, used 8119K [0x00000000c0000000, 0x00000000c4300000, 0x00000000eab00000)
  object space 68608K, 11% used [0x00000000c0000000,0x00000000c07ede18,0x00000000c4300000)
 Metaspace       used 30175K, committed 30720K, reserved 1081344K
  class space    used 2969K, committed 3200K, reserved 1048576K

Card table byte_map: [0x0000022b2e240000,0x0000022b2e450000] _byte_map_base: 0x0000022b2dc40000

Marking Bits: (ParMarkBitMap*) 0x00007ffcf0643e70
 Begin Bits: [0x0000022b2e5b0000, 0x0000022b2f5b0000)
 End Bits:   [0x0000022b2f5b0000, 0x0000022b305b0000)

Polling page: 0x0000022b1f030000

Metaspace:

Usage:
  Non-class:     26.57 MB used.
      Class:      2.90 MB used.
       Both:     29.47 MB used.

Virtual space:
  Non-class space:       32.00 MB reserved,      26.88 MB ( 84%) committed,  4 nodes.
      Class space:        1.00 GB reserved,       3.13 MB ( <1%) committed,  1 nodes.
             Both:        1.03 GB reserved,      30.00 MB (  3%) committed. 

Chunk freelists:
   Non-Class:  796.00 KB
       Class:  778.00 KB
        Both:  1.54 MB

MaxMetaspaceSize: unlimited
CompressedClassSpaceSize: 1.00 GB
Initial GC threshold: 21.00 MB
Current GC threshold: 35.00 MB
CDS: off
MetaspaceReclaimPolicy: balanced
 - commit_granule_bytes: 65536.
 - commit_granule_words: 8192.
 - virtual_space_node_default_size: 1048576.
 - enlarge_chunks_in_place: 1.
 - new_chunks_are_fully_committed: 0.
 - uncommit_free_chunks: 1.
 - use_allocation_guard: 0.
 - handle_deallocations: 1.


Internal statistics:

num_allocs_failed_limit: 3.
num_arena_births: 250.
num_arena_deaths: 14.
num_vsnodes_births: 5.
num_vsnodes_deaths: 0.
num_space_committed: 480.
num_space_uncommitted: 0.
num_chunks_returned_to_freelist: 17.
num_chunks_taken_from_freelist: 1090.
num_chunk_merges: 7.
num_chunk_splits: 737.
num_chunks_enlarged: 513.
num_purges: 2.
num_inconsistent_stats: 0.

CodeHeap 'non-profiled nmethods': size=120000Kb used=1125Kb max_used=1125Kb free=118874Kb
 bounds [0x0000022b26b20000, 0x0000022b26d90000, 0x0000022b2e050000]
CodeHeap 'profiled nmethods': size=120000Kb used=5279Kb max_used=5279Kb free=114720Kb
 bounds [0x0000022b1f050000, 0x0000022b1f580000, 0x0000022b26580000]
CodeHeap 'non-nmethods': size=5760Kb used=1242Kb max_used=1281Kb free=4517Kb
 bounds [0x0000022b26580000, 0x0000022b267f0000, 0x0000022b26b20000]
 total_blobs=3232 nmethods=2675 adapters=471
 compilation: enabled
              stopped_count=0, restarted_count=0
 full_count=0

Compilation events (20 events):
Event: 2.935 Thread 0x0000022b328cc620 nmethod 2667 0x0000022b1f572010 code [0x0000022b1f5721a0, 0x0000022b1f572318]
Event: 2.936 Thread 0x0000022b328cc620 2668       3       org.eclipse.core.internal.registry.ConfigurationElementHandle::<init> (7 bytes)
Event: 2.938 Thread 0x0000022b328cc620 nmethod 2668 0x0000022b1f572410 code [0x0000022b1f5725c0, 0x0000022b1f572798]
Event: 2.939 Thread 0x0000022b328cc620 2670       3       java.lang.Character::toUpperCase (6 bytes)
Event: 2.939 Thread 0x0000022b328cc620 nmethod 2670 0x0000022b1f572890 code [0x0000022b1f572a40, 0x0000022b1f572c98]
Event: 2.939 Thread 0x0000022b328cc620 2671       3       java.lang.Character::toUpperCase (9 bytes)
Event: 2.939 Thread 0x0000022b328cc620 nmethod 2671 0x0000022b1f572d90 code [0x0000022b1f572f40, 0x0000022b1f573138]
Event: 2.949 Thread 0x0000022b328cc620 2672       3       java.lang.invoke.MemberName::<init> (135 bytes)
Event: 2.949 Thread 0x0000022b328cc620 nmethod 2672 0x0000022b1f573210 code [0x0000022b1f573540, 0x0000022b1f574738]
Event: 2.949 Thread 0x0000022b328cc620 2674       3       java.lang.invoke.LambdaForm$BasicType::basicType (187 bytes)
Event: 2.950 Thread 0x0000022b328cc620 nmethod 2674 0x0000022b1f574c90 code [0x0000022b1f574f20, 0x0000022b1f575a48]
Event: 2.950 Thread 0x0000022b328cc620 2675       3       sun.security.provider.SHA::implCompress0 (506 bytes)
Event: 2.954 Thread 0x0000022b328cc620 nmethod 2675 0x0000022b1f575d10 code [0x0000022b1f575f20, 0x0000022b1f576928]
Event: 2.954 Thread 0x0000022b328cc620 2676       3       sun.security.provider.SHA::implCompress (13 bytes)
Event: 2.956 Thread 0x0000022b328cc620 nmethod 2676 0x0000022b1f576e10 code [0x0000022b1f577000, 0x0000022b1f577448]
Event: 2.956 Thread 0x0000022b328cc620 2677       3       sun.security.provider.SHA::implCompressCheck (27 bytes)
Event: 2.956 Thread 0x0000022b328cc620 nmethod 2677 0x0000022b1f577610 code [0x0000022b1f5777e0, 0x0000022b1f577b98]
Event: 3.017 Thread 0x0000022b34405e10 nmethod 2654 0x0000022b26c32210 code [0x0000022b26c32640, 0x0000022b26c36598]
Event: 3.017 Thread 0x0000022b34405e10 2669       4       java.util.HashMap::putVal (300 bytes)
Event: 3.022 Thread 0x0000022b34405e10 nmethod 2669 0x0000022b26c38810 code [0x0000022b26c38a00, 0x0000022b26c39160]

GC Heap History (14 events):
Event: 1.262 GC heap before
{Heap before GC invocations=1 (full 0):
 PSYoungGen      total 29696K, used 25600K [0x00000000eab00000, 0x00000000ecc00000, 0x0000000100000000)
  eden space 25600K, 100% used [0x00000000eab00000,0x00000000ec400000,0x00000000ec400000)
  from space 4096K, 0% used [0x00000000ec800000,0x00000000ec800000,0x00000000ecc00000)
  to   space 4096K, 0% used [0x00000000ec400000,0x00000000ec400000,0x00000000ec800000)
 ParOldGen       total 68608K, used 0K [0x00000000c0000000, 0x00000000c4300000, 0x00000000eab00000)
  object space 68608K, 0% used [0x00000000c0000000,0x00000000c0000000,0x00000000c4300000)
 Metaspace       used 11065K, committed 11264K, reserved 1064960K
  class space    used 1101K, committed 1216K, reserved 1048576K
}
Event: 1.294 GC heap after
{Heap after GC invocations=1 (full 0):
 PSYoungGen      total 29696K, used 3176K [0x00000000eab00000, 0x00000000ecc00000, 0x0000000100000000)
  eden space 25600K, 0% used [0x00000000eab00000,0x00000000eab00000,0x00000000ec400000)
  from space 4096K, 77% used [0x00000000ec400000,0x00000000ec71a208,0x00000000ec800000)
  to   space 4096K, 0% used [0x00000000ec800000,0x00000000ec800000,0x00000000ecc00000)
 ParOldGen       total 68608K, used 0K [0x00000000c0000000, 0x00000000c4300000, 0x00000000eab00000)
  object space 68608K, 0% used [0x00000000c0000000,0x00000000c0000000,0x00000000c4300000)
 Metaspace       used 11065K, committed 11264K, reserved 1064960K
  class space    used 1101K, committed 1216K, reserved 1048576K
}
Event: 1.777 GC heap before
{Heap before GC invocations=2 (full 0):
 PSYoungGen      total 29696K, used 28776K [0x00000000eab00000, 0x00000000ecc00000, 0x0000000100000000)
  eden space 25600K, 100% used [0x00000000eab00000,0x00000000ec400000,0x00000000ec400000)
  from space 4096K, 77% used [0x00000000ec400000,0x00000000ec71a208,0x00000000ec800000)
  to   space 4096K, 0% used [0x00000000ec800000,0x00000000ec800000,0x00000000ecc00000)
 ParOldGen       total 68608K, used 0K [0x00000000c0000000, 0x00000000c4300000, 0x00000000eab00000)
  object space 68608K, 0% used [0x00000000c0000000,0x00000000c0000000,0x00000000c4300000)
 Metaspace       used 14901K, committed 15232K, reserved 1064960K
  class space    used 1505K, committed 1664K, reserved 1048576K
}
Event: 1.781 GC heap after
{Heap after GC invocations=2 (full 0):
 PSYoungGen      total 29696K, used 4077K [0x00000000eab00000, 0x00000000ecc00000, 0x0000000100000000)
  eden space 25600K, 0% used [0x00000000eab00000,0x00000000eab00000,0x00000000ec400000)
  from space 4096K, 99% used [0x00000000ec800000,0x00000000ecbfb728,0x00000000ecc00000)
  to   space 4096K, 0% used [0x00000000ec400000,0x00000000ec400000,0x00000000ec800000)
 ParOldGen       total 68608K, used 1378K [0x00000000c0000000, 0x00000000c4300000, 0x00000000eab00000)
  object space 68608K, 2% used [0x00000000c0000000,0x00000000c0158b80,0x00000000c4300000)
 Metaspace       used 14901K, committed 15232K, reserved 1064960K
  class space    used 1505K, committed 1664K, reserved 1048576K
}
Event: 2.298 GC heap before
{Heap before GC invocations=3 (full 0):
 PSYoungGen      total 29696K, used 29673K [0x00000000eab00000, 0x00000000ecc00000, 0x0000000100000000)
  eden space 25600K, 99% used [0x00000000eab00000,0x00000000ec3ff038,0x00000000ec400000)
  from space 4096K, 99% used [0x00000000ec800000,0x00000000ecbfb728,0x00000000ecc00000)
  to   space 4096K, 0% used [0x00000000ec400000,0x00000000ec400000,0x00000000ec800000)
 ParOldGen       total 68608K, used 1378K [0x00000000c0000000, 0x00000000c4300000, 0x00000000eab00000)
  object space 68608K, 2% used [0x00000000c0000000,0x00000000c0158b80,0x00000000c4300000)
 Metaspace       used 19814K, committed 20288K, reserved 1073152K
  class space    used 2001K, committed 2240K, reserved 1048576K
}
Event: 2.301 GC heap after
{Heap after GC invocations=3 (full 0):
 PSYoungGen      total 29696K, used 4086K [0x00000000eab00000, 0x00000000ecc00000, 0x0000000100000000)
  eden space 25600K, 0% used [0x00000000eab00000,0x00000000eab00000,0x00000000ec400000)
  from space 4096K, 99% used [0x00000000ec400000,0x00000000ec7fdbe0,0x00000000ec800000)
  to   space 4096K, 0% used [0x00000000ec800000,0x00000000ec800000,0x00000000ecc00000)
 ParOldGen       total 68608K, used 3691K [0x00000000c0000000, 0x00000000c4300000, 0x00000000eab00000)
  object space 68608K, 5% used [0x00000000c0000000,0x00000000c039ada0,0x00000000c4300000)
 Metaspace       used 19814K, committed 20288K, reserved 1073152K
  class space    used 2001K, committed 2240K, reserved 1048576K
}
Event: 2.406 GC heap before
{Heap before GC invocations=4 (full 0):
 PSYoungGen      total 29696K, used 11403K [0x00000000eab00000, 0x00000000ecc00000, 0x0000000100000000)
  eden space 25600K, 28% used [0x00000000eab00000,0x00000000eb2252a0,0x00000000ec400000)
  from space 4096K, 99% used [0x00000000ec400000,0x00000000ec7fdbe0,0x00000000ec800000)
  to   space 4096K, 0% used [0x00000000ec800000,0x00000000ec800000,0x00000000ecc00000)
 ParOldGen       total 68608K, used 3691K [0x00000000c0000000, 0x00000000c4300000, 0x00000000eab00000)
  object space 68608K, 5% used [0x00000000c0000000,0x00000000c039ada0,0x00000000c4300000)
 Metaspace       used 21051K, committed 21504K, reserved 1073152K
  class space    used 2132K, committed 2368K, reserved 1048576K
}
Event: 2.409 GC heap after
{Heap after GC invocations=4 (full 0):
 PSYoungGen      total 29696K, used 4093K [0x00000000eab00000, 0x00000000ecc00000, 0x0000000100000000)
  eden space 25600K, 0% used [0x00000000eab00000,0x00000000eab00000,0x00000000ec400000)
  from space 4096K, 99% used [0x00000000ec800000,0x00000000ecbff410,0x00000000ecc00000)
  to   space 4096K, 0% used [0x00000000ec400000,0x00000000ec400000,0x00000000ec800000)
 ParOldGen       total 68608K, used 3955K [0x00000000c0000000, 0x00000000c4300000, 0x00000000eab00000)
  object space 68608K, 5% used [0x00000000c0000000,0x00000000c03dcdb0,0x00000000c4300000)
 Metaspace       used 21051K, committed 21504K, reserved 1073152K
  class space    used 2132K, committed 2368K, reserved 1048576K
}
Event: 2.409 GC heap before
{Heap before GC invocations=5 (full 1):
 PSYoungGen      total 29696K, used 4093K [0x00000000eab00000, 0x00000000ecc00000, 0x0000000100000000)
  eden space 25600K, 0% used [0x00000000eab00000,0x00000000eab00000,0x00000000ec400000)
  from space 4096K, 99% used [0x00000000ec800000,0x00000000ecbff410,0x00000000ecc00000)
  to   space 4096K, 0% used [0x00000000ec400000,0x00000000ec400000,0x00000000ec800000)
 ParOldGen       total 68608K, used 3955K [0x00000000c0000000, 0x00000000c4300000, 0x00000000eab00000)
  object space 68608K, 5% used [0x00000000c0000000,0x00000000c03dcdb0,0x00000000c4300000)
 Metaspace       used 21051K, committed 21504K, reserved 1073152K
  class space    used 2132K, committed 2368K, reserved 1048576K
}
Event: 2.426 GC heap after
{Heap after GC invocations=5 (full 1):
 PSYoungGen      total 29696K, used 0K [0x00000000eab00000, 0x00000000ecc00000, 0x0000000100000000)
  eden space 25600K, 0% used [0x00000000eab00000,0x00000000eab00000,0x00000000ec400000)
  from space 4096K, 0% used [0x00000000ec800000,0x00000000ec800000,0x00000000ecc00000)
  to   space 4096K, 0% used [0x00000000ec400000,0x00000000ec400000,0x00000000ec800000)
 ParOldGen       total 68608K, used 7871K [0x00000000c0000000, 0x00000000c4300000, 0x00000000eab00000)
  object space 68608K, 11% used [0x00000000c0000000,0x00000000c07afe18,0x00000000c4300000)
 Metaspace       used 21038K, committed 21504K, reserved 1073152K
  class space    used 2129K, committed 2368K, reserved 1048576K
}
Event: 2.651 GC heap before
{Heap before GC invocations=6 (full 1):
 PSYoungGen      total 29696K, used 25600K [0x00000000eab00000, 0x00000000ecc00000, 0x0000000100000000)
  eden space 25600K, 100% used [0x00000000eab00000,0x00000000ec400000,0x00000000ec400000)
  from space 4096K, 0% used [0x00000000ec800000,0x00000000ec800000,0x00000000ecc00000)
  to   space 4096K, 0% used [0x00000000ec400000,0x00000000ec400000,0x00000000ec800000)
 ParOldGen       total 68608K, used 7871K [0x00000000c0000000, 0x00000000c4300000, 0x00000000eab00000)
  object space 68608K, 11% used [0x00000000c0000000,0x00000000c07afe18,0x00000000c4300000)
 Metaspace       used 24594K, committed 25152K, reserved 1073152K
  class space    used 2537K, committed 2816K, reserved 1048576K
}
Event: 2.652 GC heap after
{Heap after GC invocations=6 (full 1):
 PSYoungGen      total 27136K, used 1957K [0x00000000eab00000, 0x00000000ec980000, 0x0000000100000000)
  eden space 25088K, 0% used [0x00000000eab00000,0x00000000eab00000,0x00000000ec380000)
  from space 2048K, 95% used [0x00000000ec400000,0x00000000ec5e9620,0x00000000ec600000)
  to   space 3072K, 0% used [0x00000000ec680000,0x00000000ec680000,0x00000000ec980000)
 ParOldGen       total 68608K, used 7879K [0x00000000c0000000, 0x00000000c4300000, 0x00000000eab00000)
  object space 68608K, 11% used [0x00000000c0000000,0x00000000c07b1e18,0x00000000c4300000)
 Metaspace       used 24594K, committed 25152K, reserved 1073152K
  class space    used 2537K, committed 2816K, reserved 1048576K
}
Event: 2.794 GC heap before
{Heap before GC invocations=7 (full 1):
 PSYoungGen      total 27136K, used 27045K [0x00000000eab00000, 0x00000000ec980000, 0x0000000100000000)
  eden space 25088K, 99% used [0x00000000eab00000,0x00000000ec37fee0,0x00000000ec380000)
  from space 2048K, 95% used [0x00000000ec400000,0x00000000ec5e9620,0x00000000ec600000)
  to   space 3072K, 0% used [0x00000000ec680000,0x00000000ec680000,0x00000000ec980000)
 ParOldGen       total 68608K, used 7879K [0x00000000c0000000, 0x00000000c4300000, 0x00000000eab00000)
  object space 68608K, 11% used [0x00000000c0000000,0x00000000c07b1e18,0x00000000c4300000)
 Metaspace       used 27759K, committed 28288K, reserved 1081344K
  class space    used 2771K, committed 3008K, reserved 1048576K
}
Event: 2.795 GC heap after
{Heap after GC invocations=7 (full 1):
 PSYoungGen      total 27648K, used 3049K [0x00000000eab00000, 0x00000000eca00000, 0x0000000100000000)
  eden space 24576K, 0% used [0x00000000eab00000,0x00000000eab00000,0x00000000ec300000)
  from space 3072K, 99% used [0x00000000ec680000,0x00000000ec97a5b8,0x00000000ec980000)
  to   space 3584K, 0% used [0x00000000ec300000,0x00000000ec300000,0x00000000ec680000)
 ParOldGen       total 68608K, used 8119K [0x00000000c0000000, 0x00000000c4300000, 0x00000000eab00000)
  object space 68608K, 11% used [0x00000000c0000000,0x00000000c07ede18,0x00000000c4300000)
 Metaspace       used 27759K, committed 28288K, reserved 1081344K
  class space    used 2771K, committed 3008K, reserved 1048576K
}

Dll operation events (9 events):
Event: 0.007 Loaded shared library c:\Users\Make Tomorrow Better\.vscode\extensions\redhat.java-1.16.0-win32-x64\jre\17.0.6-win32-x86_64\bin\java.dll
Event: 0.478 Loaded shared library c:\Users\Make Tomorrow Better\.vscode\extensions\redhat.java-1.16.0-win32-x64\jre\17.0.6-win32-x86_64\bin\zip.dll
Event: 0.480 Loaded shared library C:\Users\Make Tomorrow Better\.vscode\extensions\redhat.java-1.16.0-win32-x64\jre\17.0.6-win32-x86_64\bin\instrument.dll
Event: 0.493 Loaded shared library C:\Users\Make Tomorrow Better\.vscode\extensions\redhat.java-1.16.0-win32-x64\jre\17.0.6-win32-x86_64\bin\net.dll
Event: 0.494 Loaded shared library C:\Users\Make Tomorrow Better\.vscode\extensions\redhat.java-1.16.0-win32-x64\jre\17.0.6-win32-x86_64\bin\nio.dll
Event: 0.499 Loaded shared library C:\Users\Make Tomorrow Better\.vscode\extensions\redhat.java-1.16.0-win32-x64\jre\17.0.6-win32-x86_64\bin\zip.dll
Event: 0.510 Loaded shared library C:\Users\Make Tomorrow Better\.vscode\extensions\redhat.java-1.16.0-win32-x64\jre\17.0.6-win32-x86_64\bin\jimage.dll
Event: 0.560 Loaded shared library c:\Users\Make Tomorrow Better\.vscode\extensions\redhat.java-1.16.0-win32-x64\jre\17.0.6-win32-x86_64\bin\verify.dll
Event: 1.651 Loaded shared library C:\Users\Make Tomorrow Better\AppData\Roaming\Code\User\globalStorage\redhat.java\1.16.0\config_win\org.eclipse.equinox.launcher\org.eclipse.equinox.launcher.win32.win32.x86_64_1.2.700.v20221108-1024\eclipse_11801.dll

Deoptimization events (20 events):
Event: 2.841 Thread 0x0000022b33524fd0 Uncommon trap: trap_request=0xffffffcc fr.pc=0x0000022b26c25814 relative=0x00000000000001f4
Event: 2.841 Thread 0x0000022b33524fd0 Uncommon trap: reason=intrinsic_or_type_checked_inlining action=make_not_entrant pc=0x0000022b26c25814 method=java.util.Arrays.copyOf([Ljava/lang/Object;ILjava/lang/Class;)[Ljava/lang/Object; @ 35 c2
Event: 2.841 Thread 0x0000022b33524fd0 DEOPT PACKING pc=0x0000022b26c25814 sp=0x0000005b6e9f9050
Event: 2.841 Thread 0x0000022b33524fd0 DEOPT UNPACKING pc=0x0000022b265d66a3 sp=0x0000005b6e9f8fe0 mode 2
Event: 2.936 Thread 0x0000022b33524fd0 Uncommon trap: trap_request=0xffffffc6 fr.pc=0x0000022b26ba1d5c relative=0x000000000000099c
Event: 2.936 Thread 0x0000022b33524fd0 Uncommon trap: reason=bimorphic_or_optimized_type_check action=maybe_recompile pc=0x0000022b26ba1d5c method=java.util.HashMap.putVal(ILjava/lang/Object;Ljava/lang/Object;ZZ)Ljava/lang/Object; @ 56 c2
Event: 2.937 Thread 0x0000022b33524fd0 DEOPT PACKING pc=0x0000022b26ba1d5c sp=0x0000005b6e9fd890
Event: 2.937 Thread 0x0000022b33524fd0 DEOPT UNPACKING pc=0x0000022b265d66a3 sp=0x0000005b6e9fd7e8 mode 2
Event: 2.937 Thread 0x0000022b33524fd0 Uncommon trap: trap_request=0xffffffc6 fr.pc=0x0000022b26ba1d5c relative=0x000000000000099c
Event: 2.937 Thread 0x0000022b33524fd0 Uncommon trap: reason=bimorphic_or_optimized_type_check action=maybe_recompile pc=0x0000022b26ba1d5c method=java.util.HashMap.putVal(ILjava/lang/Object;Ljava/lang/Object;ZZ)Ljava/lang/Object; @ 56 c2
Event: 2.937 Thread 0x0000022b33524fd0 DEOPT PACKING pc=0x0000022b26ba1d5c sp=0x0000005b6e9fd890
Event: 2.937 Thread 0x0000022b33524fd0 DEOPT UNPACKING pc=0x0000022b265d66a3 sp=0x0000005b6e9fd7e8 mode 2
Event: 2.937 Thread 0x0000022b33524fd0 Uncommon trap: trap_request=0xffffffc6 fr.pc=0x0000022b26ba1d5c relative=0x000000000000099c
Event: 2.937 Thread 0x0000022b33524fd0 Uncommon trap: reason=bimorphic_or_optimized_type_check action=maybe_recompile pc=0x0000022b26ba1d5c method=java.util.HashMap.putVal(ILjava/lang/Object;Ljava/lang/Object;ZZ)Ljava/lang/Object; @ 56 c2
Event: 2.937 Thread 0x0000022b33524fd0 DEOPT PACKING pc=0x0000022b26ba1d5c sp=0x0000005b6e9fd890
Event: 2.937 Thread 0x0000022b33524fd0 DEOPT UNPACKING pc=0x0000022b265d66a3 sp=0x0000005b6e9fd7e8 mode 2
Event: 2.937 Thread 0x0000022b33524fd0 Uncommon trap: trap_request=0xffffffc6 fr.pc=0x0000022b26ba1d5c relative=0x000000000000099c
Event: 2.937 Thread 0x0000022b33524fd0 Uncommon trap: reason=bimorphic_or_optimized_type_check action=maybe_recompile pc=0x0000022b26ba1d5c method=java.util.HashMap.putVal(ILjava/lang/Object;Ljava/lang/Object;ZZ)Ljava/lang/Object; @ 56 c2
Event: 2.937 Thread 0x0000022b33524fd0 DEOPT PACKING pc=0x0000022b26ba1d5c sp=0x0000005b6e9fd890
Event: 2.937 Thread 0x0000022b33524fd0 DEOPT UNPACKING pc=0x0000022b265d66a3 sp=0x0000005b6e9fd7e8 mode 2

Classes unloaded (7 events):
Event: 2.413 Thread 0x0000022b3099ce60 Unloading class 0x000000010021a400 'java/lang/invoke/LambdaForm$MH+0x000000010021a400'
Event: 2.413 Thread 0x0000022b3099ce60 Unloading class 0x000000010021a000 'java/lang/invoke/LambdaForm$MH+0x000000010021a000'
Event: 2.413 Thread 0x0000022b3099ce60 Unloading class 0x0000000100219c00 'java/lang/invoke/LambdaForm$MH+0x0000000100219c00'
Event: 2.413 Thread 0x0000022b3099ce60 Unloading class 0x0000000100219800 'java/lang/invoke/LambdaForm$MH+0x0000000100219800'
Event: 2.413 Thread 0x0000022b3099ce60 Unloading class 0x0000000100219000 'java/lang/invoke/LambdaForm$BMH+0x0000000100219000'
Event: 2.413 Thread 0x0000022b3099ce60 Unloading class 0x0000000100218c00 'java/lang/invoke/LambdaForm$DMH+0x0000000100218c00'
Event: 2.413 Thread 0x0000022b3099ce60 Unloading class 0x0000000100216000 'java/lang/invoke/LambdaForm$DMH+0x0000000100216000'

Classes redefined (0 events):
No events

Internal exceptions (20 events):
Event: 2.344 Thread 0x0000022b33524fd0 Exception <a 'java/lang/NoSuchMethodError'{0x00000000eadf7660}: 'java.lang.Object java.lang.invoke.DirectMethodHandle$Holder.newInvokeSpecial(java.lang.Object, java.lang.Object, java.lang.Object, java.lang.Object, java.lang.Object)'> (0x00000000eadf7660) 
thrown [s\src\hotspot\share\interpreter\linkResolver.cpp, line 759]
Event: 2.397 Thread 0x0000022b33524fd0 Exception <a 'java/lang/NoSuchMethodError'{0x00000000eb13ae48}: 'java.lang.Object java.lang.invoke.DirectMethodHandle$Holder.invokeSpecial(java.lang.Object, java.lang.Object, java.lang.Object, long, java.lang.Object)'> (0x00000000eb13ae48) 
thrown [s\src\hotspot\share\interpreter\linkResolver.cpp, line 759]
Event: 2.397 Thread 0x0000022b33524fd0 Exception <a 'java/lang/NoSuchMethodError'{0x00000000eb143000}: 'java.lang.Object java.lang.invoke.DirectMethodHandle$Holder.newInvokeSpecial(java.lang.Object, java.lang.Object, java.lang.Object, long)'> (0x00000000eb143000) 
thrown [s\src\hotspot\share\interpreter\linkResolver.cpp, line 759]
Event: 2.397 Thread 0x0000022b33524fd0 Exception <a 'java/lang/NoSuchMethodError'{0x00000000eb1475a0}: 'java.lang.Object java.lang.invoke.DirectMethodHandle$Holder.invokeSpecial(java.lang.Object, java.lang.Object, java.lang.Object, java.lang.Object, long)'> (0x00000000eb1475a0) 
thrown [s\src\hotspot\share\interpreter\linkResolver.cpp, line 759]
Event: 2.402 Thread 0x0000022b33524fd0 Exception <a 'java/lang/NoSuchMethodError'{0x00000000eb199708}: 'int java.lang.invoke.DirectMethodHandle$Holder.invokeStaticInit(java.lang.Object, java.lang.Object, java.lang.Object)'> (0x00000000eb199708) 
thrown [s\src\hotspot\share\interpreter\linkResolver.cpp, line 759]
Event: 2.427 Thread 0x0000022b33524fd0 Exception <a 'java/lang/IncompatibleClassChangeError'{0x00000000eab542e0}: Found class java.lang.Object, but interface was expected> (0x00000000eab542e0) 
thrown [s\src\hotspot\share\interpreter\linkResolver.cpp, line 826]
Event: 2.431 Thread 0x0000022b33524fd0 Exception <a 'java/lang/NoSuchMethodError'{0x00000000eab75938}: 'java.lang.Object java.lang.invoke.DirectMethodHandle$Holder.invokeSpecial(java.lang.Object, java.lang.Object, java.lang.Object, int, java.lang.Object, java.lang.Object)'> (0x00000000eab75938) 
thrown [s\src\hotspot\share\interpreter\linkResolver.cpp, line 759]
Event: 2.432 Thread 0x0000022b33524fd0 Exception <a 'java/lang/NoSuchMethodError'{0x00000000eab7e0c0}: 'java.lang.Object java.lang.invoke.DirectMethodHandle$Holder.newInvokeSpecial(java.lang.Object, java.lang.Object, java.lang.Object, int, java.lang.Object)'> (0x00000000eab7e0c0) 
thrown [s\src\hotspot\share\interpreter\linkResolver.cpp, line 759]
Event: 2.432 Thread 0x0000022b33524fd0 Exception <a 'java/lang/NoSuchMethodError'{0x00000000eab82518}: 'java.lang.Object java.lang.invoke.DirectMethodHandle$Holder.invokeSpecial(java.lang.Object, java.lang.Object, java.lang.Object, java.lang.Object, int, java.lang.Object)'> (0x00000000eab82518) 
thrown [s\src\hotspot\share\interpreter\linkResolver.cpp, line 759]
Event: 2.433 Thread 0x0000022b346bd910 Exception <a 'java/lang/NoSuchMethodError'{0x00000000eab94338}: 'java.lang.Object java.lang.invoke.DirectMethodHandle$Holder.invokeSpecial(java.lang.Object, java.lang.Object, int, java.lang.Object, java.lang.Object)'> (0x00000000eab94338) 
thrown [s\src\hotspot\share\interpreter\linkResolver.cpp, line 759]
Event: 2.433 Thread 0x0000022b346bd910 Exception <a 'java/lang/NoSuchMethodError'{0x00000000eab9ba08}: 'java.lang.Object java.lang.invoke.DirectMethodHandle$Holder.newInvokeSpecial(java.lang.Object, java.lang.Object, int, java.lang.Object)'> (0x00000000eab9ba08) 
thrown [s\src\hotspot\share\interpreter\linkResolver.cpp, line 759]
Event: 2.434 Thread 0x0000022b346bd910 Exception <a 'java/lang/NoSuchMethodError'{0x00000000eab9f518}: 'java.lang.Object java.lang.invoke.DirectMethodHandle$Holder.invokeSpecial(java.lang.Object, java.lang.Object, java.lang.Object, int, java.lang.Object)'> (0x00000000eab9f518) 
thrown [s\src\hotspot\share\interpreter\linkResolver.cpp, line 759]
Event: 2.526 Thread 0x0000022b33524fd0 Exception <a 'java/io/FileNotFoundException'{0x00000000eb5b82f0}> (0x00000000eb5b82f0) 
thrown [s\src\hotspot\share\prims\jni.cpp, line 516]
Event: 2.580 Thread 0x0000022b33524fd0 Exception <a 'java/lang/NoSuchMethodError'{0x00000000ebbfa760}: 'void java.lang.invoke.DirectMethodHandle$Holder.invokeSpecial(java.lang.Object, java.lang.Object, java.lang.Object, int)'> (0x00000000ebbfa760) 
thrown [s\src\hotspot\share\interpreter\linkResolver.cpp, line 759]
Event: 2.612 Thread 0x0000022b346bd910 Exception <a 'java/io/FileNotFoundException'{0x00000000ebedc128}> (0x00000000ebedc128) 
thrown [s\src\hotspot\share\prims\jni.cpp, line 516]
Event: 2.875 Thread 0x0000022b33524fd0 Exception <a 'java/lang/ClassNotFoundException'{0x00000000ebbc6870}: com/sun/org/apache/xerces/internal/impl/msg/spi/DOMMessagesProvider> (0x00000000ebbc6870) 
thrown [s\src\hotspot\share\classfile\systemDictionary.cpp, line 256]
Event: 2.878 Thread 0x0000022b33524fd0 Exception <a 'java/lang/ClassNotFoundException'{0x00000000ebbe99b0}: com/sun/org/apache/xerces/internal/impl/msg/spi/XMLSerializerMessagesProvider> (0x00000000ebbe99b0) 
thrown [s\src\hotspot\share\classfile\systemDictionary.cpp, line 256]
Event: 2.878 Thread 0x0000022b33524fd0 Exception <a 'java/lang/ClassNotFoundException'{0x00000000ebbf6be8}: com/sun/org/apache/xerces/internal/impl/msg/spi/XMLMessagesProvider> (0x00000000ebbf6be8) 
thrown [s\src\hotspot\share\classfile\systemDictionary.cpp, line 256]
Event: 2.886 Thread 0x0000022b33524fd0 Exception <a 'java/lang/NoSuchMethodError'{0x00000000ebcb3258}: 'void java.lang.invoke.DirectMethodHandle$Holder.invokeVirtual(java.lang.Object, java.lang.Object)'> (0x00000000ebcb3258) 
thrown [s\src\hotspot\share\interpreter\linkResolver.cpp, line 759]
Event: 2.947 Thread 0x0000022b33524fd0 Exception <a 'java/lang/NoSuchMethodError'{0x00000000ebed85a8}: 'java.lang.Object java.lang.invoke.DirectMethodHandle$Holder.invokeStaticInit(java.lang.Object, int, int, int, int)'> (0x00000000ebed85a8) 
thrown [s\src\hotspot\share\interpreter\linkResolver.cpp, line 759]

VM Operations (20 events):
Event: 2.103 Executing VM operation: HandshakeAllThreads
Event: 2.103 Executing VM operation: HandshakeAllThreads done
Event: 2.134 Executing VM operation: HandshakeAllThreads
Event: 2.134 Executing VM operation: HandshakeAllThreads done
Event: 2.136 Executing VM operation: HandshakeAllThreads
Event: 2.136 Executing VM operation: HandshakeAllThreads done
Event: 2.252 Executing VM operation: HandshakeAllThreads
Event: 2.255 Executing VM operation: HandshakeAllThreads done
Event: 2.298 Executing VM operation: ParallelGCFailedAllocation
Event: 2.301 Executing VM operation: ParallelGCFailedAllocation done
Event: 2.406 Executing VM operation: CollectForMetadataAllocation
Event: 2.426 Executing VM operation: CollectForMetadataAllocation done
Event: 2.440 Executing VM operation: HandshakeAllThreads
Event: 2.440 Executing VM operation: HandshakeAllThreads done
Event: 2.651 Executing VM operation: ParallelGCFailedAllocation
Event: 2.652 Executing VM operation: ParallelGCFailedAllocation done
Event: 2.794 Executing VM operation: ParallelGCFailedAllocation
Event: 2.795 Executing VM operation: ParallelGCFailedAllocation done
Event: 2.936 Executing VM operation: HandshakeAllThreads
Event: 2.936 Executing VM operation: HandshakeAllThreads done

Events (20 events):
Event: 2.953 loading class java/net/InetAddressImplFactory
Event: 2.954 loading class java/net/InetAddressImplFactory done
Event: 2.954 loading class java/net/Inet6AddressImpl
Event: 2.954 loading class java/net/InetAddressImpl
Event: 2.954 loading class java/net/InetAddressImpl done
Event: 2.954 loading class java/net/Inet6AddressImpl done
Event: 2.954 loading class java/net/InetAddress$PlatformNameService
Event: 2.954 loading class java/net/InetAddress$NameService
Event: 2.954 loading class java/net/InetAddress$NameService done
Event: 2.956 loading class java/net/InetAddress$PlatformNameService done
Event: 2.956 loading class java/net/Inet4Address
Event: 2.956 loading class java/net/Inet4Address done
Event: 2.956 loading class java/net/Inet6Address
Event: 2.956 loading class java/net/Inet6Address done
Event: 2.956 loading class java/net/Inet6Address$Inet6AddressHolder
Event: 2.956 loading class java/net/Inet6Address$Inet6AddressHolder done
Event: 2.957 loading class java/net/DefaultInterface
Event: 2.957 loading class java/net/DefaultInterface done
Event: 3.062 loading class java/net/NetworkInterface$1
Event: 3.062 loading class java/net/NetworkInterface$1 done


Dynamic libraries:
0x00007ff60a530000 - 0x00007ff60a53e000 	c:\Users\Make Tomorrow Better\.vscode\extensions\redhat.java-1.16.0-win32-x64\jre\17.0.6-win32-x86_64\bin\java.exe
0x00007ffd3b0a0000 - 0x00007ffd3b28d000 	C:\Windows\SYSTEM32\ntdll.dll
0x00007ffd3a670000 - 0x00007ffd3a723000 	C:\Windows\System32\KERNEL32.DLL
0x00007ffd371c0000 - 0x00007ffd37453000 	C:\Windows\System32\KERNELBASE.dll
0x00007ffd37df0000 - 0x00007ffd37eea000 	C:\Windows\System32\ucrtbase.dll
0x00007ffd35d20000 - 0x00007ffd35d37000 	c:\Users\Make Tomorrow Better\.vscode\extensions\redhat.java-1.16.0-win32-x64\jre\17.0.6-win32-x86_64\bin\jli.dll
0x00007ffd3a910000 - 0x00007ffd3aaa7000 	C:\Windows\System32\USER32.dll
0x00007ffd37460000 - 0x00007ffd37480000 	C:\Windows\System32\win32u.dll
0x00007ffd3a500000 - 0x00007ffd3a529000 	C:\Windows\System32\GDI32.dll
0x00007ffd37bd0000 - 0x00007ffd37d69000 	C:\Windows\System32\gdi32full.dll
0x00007ffd38120000 - 0x00007ffd381c0000 	C:\Windows\System32\msvcp_win.dll
0x00007ffd35d00000 - 0x00007ffd35d19000 	c:\Users\Make Tomorrow Better\.vscode\extensions\redhat.java-1.16.0-win32-x64\jre\17.0.6-win32-x86_64\bin\VCRUNTIME140.dll
0x00007ffd268c0000 - 0x00007ffd26b39000 	C:\Windows\WinSxS\amd64_microsoft.windows.common-controls_6595b64144ccf1df_6.0.17763.973_none_05b245900721eb81\COMCTL32.dll
0x00007ffd38f50000 - 0x00007ffd38fee000 	C:\Windows\System32\msvcrt.dll
0x00007ffd3aab0000 - 0x00007ffd3addc000 	C:\Windows\System32\combase.dll
0x00007ffd3a540000 - 0x00007ffd3a662000 	C:\Windows\System32\RPCRT4.dll
0x00007ffd37d70000 - 0x00007ffd37dee000 	C:\Windows\System32\bcryptPrimitives.dll
0x00007ffd3aeb0000 - 0x00007ffd3aede000 	C:\Windows\System32\IMM32.DLL
0x00007ffd29700000 - 0x00007ffd2970c000 	c:\Users\Make Tomorrow Better\.vscode\extensions\redhat.java-1.16.0-win32-x64\jre\17.0.6-win32-x86_64\bin\vcruntime140_1.dll
0x00007ffd00880000 - 0x00007ffd00911000 	c:\Users\Make Tomorrow Better\.vscode\extensions\redhat.java-1.16.0-win32-x64\jre\17.0.6-win32-x86_64\bin\msvcp140.dll
0x00007ffcefac0000 - 0x00007ffcf0707000 	c:\Users\Make Tomorrow Better\.vscode\extensions\redhat.java-1.16.0-win32-x64\jre\17.0.6-win32-x86_64\bin\server\jvm.dll
0x00007ffd3a730000 - 0x00007ffd3a7d3000 	C:\Windows\System32\ADVAPI32.dll
0x00007ffd38740000 - 0x00007ffd387de000 	C:\Windows\System32\sechost.dll
0x00007ffd0ebd0000 - 0x00007ffd0ebd9000 	C:\Windows\SYSTEM32\WSOCK32.dll
0x00007ffd3a8a0000 - 0x00007ffd3a90d000 	C:\Windows\System32\WS2_32.dll
0x00007ffd34ef0000 - 0x00007ffd34f14000 	C:\Windows\SYSTEM32\WINMM.dll
0x00007ffd35c30000 - 0x00007ffd35c3a000 	C:\Windows\SYSTEM32\VERSION.dll
0x00007ffd34ec0000 - 0x00007ffd34eed000 	C:\Windows\SYSTEM32\WINMMBASE.dll
0x00007ffd37ef0000 - 0x00007ffd37f3a000 	C:\Windows\System32\cfgmgr32.dll
0x00007ffd37110000 - 0x00007ffd37121000 	C:\Windows\System32\kernel.appcore.dll
0x00007ffd26f00000 - 0x00007ffd26f0a000 	c:\Users\Make Tomorrow Better\.vscode\extensions\redhat.java-1.16.0-win32-x64\jre\17.0.6-win32-x86_64\bin\jimage.dll
0x00007ffd24e30000 - 0x00007ffd2501d000 	C:\Windows\SYSTEM32\DBGHELP.DLL
0x00007ffd26070000 - 0x00007ffd2609a000 	C:\Windows\SYSTEM32\dbgcore.DLL
0x00007ffd26d10000 - 0x00007ffd26d1e000 	c:\Users\Make Tomorrow Better\.vscode\extensions\redhat.java-1.16.0-win32-x64\jre\17.0.6-win32-x86_64\bin\instrument.dll
0x00007ffd208e0000 - 0x00007ffd20905000 	c:\Users\Make Tomorrow Better\.vscode\extensions\redhat.java-1.16.0-win32-x64\jre\17.0.6-win32-x86_64\bin\java.dll
0x00007ffd20bc0000 - 0x00007ffd20bd8000 	c:\Users\Make Tomorrow Better\.vscode\extensions\redhat.java-1.16.0-win32-x64\jre\17.0.6-win32-x86_64\bin\zip.dll
0x00007ffd39000000 - 0x00007ffd3a4f4000 	C:\Windows\System32\SHELL32.dll
0x00007ffd389f0000 - 0x00007ffd38a98000 	C:\Windows\System32\shcore.dll
0x00007ffd37480000 - 0x00007ffd37bcd000 	C:\Windows\System32\windows.storage.dll
0x00007ffd37130000 - 0x00007ffd37154000 	C:\Windows\System32\profapi.dll
0x00007ffd37090000 - 0x00007ffd370ed000 	C:\Windows\System32\powrprof.dll
0x00007ffd3a840000 - 0x00007ffd3a892000 	C:\Windows\System32\shlwapi.dll
0x00007ffd381c0000 - 0x00007ffd381d7000 	C:\Windows\System32\cryptsp.dll
0x00007ffd1b940000 - 0x00007ffd1b959000 	C:\Users\Make Tomorrow Better\.vscode\extensions\redhat.java-1.16.0-win32-x64\jre\17.0.6-win32-x86_64\bin\net.dll
0x00007ffd2de90000 - 0x00007ffd2df82000 	C:\Windows\SYSTEM32\WINHTTP.dll
0x00007ffd368a0000 - 0x00007ffd36907000 	C:\Windows\system32\mswsock.dll
0x00007ffd1b920000 - 0x00007ffd1b935000 	C:\Users\Make Tomorrow Better\.vscode\extensions\redhat.java-1.16.0-win32-x64\jre\17.0.6-win32-x86_64\bin\nio.dll
0x00007ffd20f80000 - 0x00007ffd20f90000 	c:\Users\Make Tomorrow Better\.vscode\extensions\redhat.java-1.16.0-win32-x64\jre\17.0.6-win32-x86_64\bin\verify.dll
0x00007ffd09ab0000 - 0x00007ffd09aee000 	C:\Users\Make Tomorrow Better\AppData\Roaming\Code\User\globalStorage\redhat.java\1.16.0\config_win\org.eclipse.equinox.launcher\org.eclipse.equinox.launcher.win32.win32.x86_64_1.2.700.v20221108-1024\eclipse_11801.dll
0x00007ffd387e0000 - 0x00007ffd38935000 	C:\Windows\System32\ole32.dll
0x00007ffd36420000 - 0x00007ffd36453000 	C:\Windows\system32\rsaenh.dll
0x00007ffd38290000 - 0x00007ffd382b6000 	C:\Windows\System32\bcrypt.dll
0x00007ffd36fc0000 - 0x00007ffd36fe8000 	C:\Windows\SYSTEM32\USERENV.dll
0x00007ffd36a70000 - 0x00007ffd36a7c000 	C:\Windows\SYSTEM32\CRYPTBASE.dll
0x00007ffd365c0000 - 0x00007ffd365fd000 	C:\Windows\SYSTEM32\IPHLPAPI.DLL
0x00007ffd3a530000 - 0x00007ffd3a538000 	C:\Windows\System32\NSI.dll
0x00007ffd30bc0000 - 0x00007ffd30bd6000 	C:\Windows\SYSTEM32\dhcpcsvc6.DLL
0x00007ffd31930000 - 0x00007ffd3194c000 	C:\Windows\SYSTEM32\dhcpcsvc.DLL
0x00007ffd36600000 - 0x00007ffd366c6000 	C:\Windows\SYSTEM32\DNSAPI.dll

dbghelp: loaded successfully - version: 4.0.5 - missing functions: none
symbol engine: initialized successfully - sym options: 0x614 - pdb path: .;c:\Users\Make Tomorrow Better\.vscode\extensions\redhat.java-1.16.0-win32-x64\jre\17.0.6-win32-x86_64\bin;C:\Windows\SYSTEM32;C:\Windows\WinSxS\amd64_microsoft.windows.common-controls_6595b64144ccf1df_6.0.17763.973_none_05b245900721eb81;c:\Users\Make Tomorrow Better\.vscode\extensions\redhat.java-1.16.0-win32-x64\jre\17.0.6-win32-x86_64\bin\server;C:\Users\Make Tomorrow Better\AppData\Roaming\Code\User\globalStorage\redhat.java\1.16.0\config_win\org.eclipse.equinox.launcher\org.eclipse.equinox.launcher.win32.win32.x86_64_1.2.700.v20221108-1024

VM Arguments:
jvm_args: --add-modules=ALL-SYSTEM --add-opens=java.base/java.util=ALL-UNNAMED --add-opens=java.base/java.lang=ALL-UNNAMED --add-opens=java.base/sun.nio.fs=ALL-UNNAMED -Declipse.application=org.eclipse.jdt.ls.core.id1 -Dosgi.bundles.defaultStartLevel=4 -Declipse.product=org.eclipse.jdt.ls.core.product -Djava.import.generatesMetadataFilesAtProjectRoot=false -Dfile.encoding=utf8 -XX:+UseParallelGC -XX:GCTimeRatio=4 -XX:AdaptiveSizePolicyWeight=90 -Dsun.zip.disableMemoryMapping=true -Xmx1G -Xms100m -Xlog:disable -javaagent:c:\Users\Make Tomorrow Better\.vscode\extensions\redhat.java-1.16.0-win32-x64\lombok\lombok-1.18.24.jar -XX:+HeapDumpOnOutOfMemoryError -XX:HeapDumpPath=c:\Users\Make Tomorrow Better\AppData\Roaming\Code\User\workspaceStorage\fc133208676e33f16296db528294fcae\redhat.java 
java_command: c:\Users\Make Tomorrow Better\.vscode\extensions\redhat.java-1.16.0-win32-x64\server\plugins\org.eclipse.equinox.launcher_1.6.400.v20210924-0641.jar -configuration c:\Users\Make Tomorrow Better\AppData\Roaming\Code\User\globalStorage\redhat.java\1.16.0\config_win -data c:\Users\Make Tomorrow Better\AppData\Roaming\Code\User\workspaceStorage\fc133208676e33f16296db528294fcae\redhat.java\jdt_ws
java_class_path (initial): c:\Users\Make Tomorrow Better\.vscode\extensions\redhat.java-1.16.0-win32-x64\server\plugins\org.eclipse.equinox.launcher_1.6.400.v20210924-0641.jar
Launcher Type: SUN_STANDARD

[Global flags]
    uintx AdaptiveSizePolicyWeight                 = 90                                        {product} {command line}
     intx CICompilerCount                          = 3                                         {product} {ergonomic}
    uintx GCTimeRatio                              = 4                                         {product} {command line}
     bool HeapDumpOnOutOfMemoryError               = true                                   {manageable} {command line}
    ccstr HeapDumpPath                             = c:\Users\Make Tomorrow Better\AppData\Roaming\Code\User\workspaceStorage\fc133208676e33f16296db528294fcae\redhat.java         {manageable} {command line}
   size_t InitialHeapSize                          = 104857600                                 {product} {command line}
   size_t MaxHeapSize                              = 1073741824                                {product} {command line}
   size_t MaxNewSize                               = 357564416                                 {product} {ergonomic}
   size_t MinHeapDeltaBytes                        = 524288                                    {product} {ergonomic}
   size_t MinHeapSize                              = 104857600                                 {product} {command line}
   size_t NewSize                                  = 34603008                                  {product} {ergonomic}
    uintx NonNMethodCodeHeapSize                   = 5832780                                {pd product} {ergonomic}
    uintx NonProfiledCodeHeapSize                  = 122912730                              {pd product} {ergonomic}
   size_t OldSize                                  = 70254592                                  {product} {ergonomic}
    uintx ProfiledCodeHeapSize                     = 122912730                              {pd product} {ergonomic}
    uintx ReservedCodeCacheSize                    = 251658240                              {pd product} {ergonomic}
     bool SegmentedCodeCache                       = true                                      {product} {ergonomic}
   size_t SoftMaxHeapSize                          = 1073741824                             {manageable} {ergonomic}
     bool UseCompressedClassPointers               = true                           {product lp64_product} {ergonomic}
     bool UseCompressedOops                        = true                           {product lp64_product} {ergonomic}
     bool UseLargePagesIndividualAllocation        = false                                  {pd product} {ergonomic}
     bool UseParallelGC                            = true                                      {product} {command line}

Logging:
Log output configuration:
 #0: stdout all=off uptime,level,tags
 #1: stderr all=off uptime,level,tags

Environment Variables:
PATH=C:\Python311\Scripts\;C:\Python311\;C:\Python38\Scripts\;C:\Python38\;C:\ProgramData\Oracle\Java\javapath;C:\Program Files (x86)\Intel\Intel(R) Management Engine Components\iCLS\;C:\Program Files\Intel\Intel(R) Management Engine Components\iCLS\;C:\Windows\system32;C:\Windows;C:\Windows\System32\Wbem;C:\Windows\System32\WindowsPowerShell\v1.0\;C:\Windows\System32\OpenSSH\;C:\Program Files (x86)\Intel\Intel(R) Management Engine Components\DAL;C:\Program Files\Intel\Intel(R) Management Engine Components\DAL;C:\Program Files\Java\jdk-11.0.2\bin;C:\Program Files\Git\cmd;C:\Program Files\Git\bin;C:\Program Files\PuTTY\;C:\Program Files\Java\jdk1.8.0_45\bin;C:\Program Files\Java\apache-maven-3.6.2\bin;C:\Program Files\Microsoft SQL Server\Client SDK\ODBC\130\Tools\Binn\;C:\Program Files (x86)\Geany\bin;C:\ProgramData\chocolatey\bin;C:\Program Files\Amazon\AWSCLIV2\;C:\Users\Make Tomorrow Better\Downloads\sqlite-tools-win32-x86-3320000\sqlite-tools-win32-x86-3320000\;C:\Program Files\dotnet\;C:\Program Files\Microsoft SQL Server\Client SDK\ODBC\170\Tools\Binn\;D:\Matlab\bin;%NVM_HOME%;%NVM_SYMLINK%;C:\Users\Make Tomorrow Better\AppData\Local\Programs\Python\Python37-32\Scripts\;C:\Users\Make Tomorrow Better\AppData\Local\Programs\Python\Python37-32\;C:\Users\Make Tomorrow Better\AppData\Local\Programs\Python\Python37\Scripts\;C:\Users\Make Tomorrow Better\AppData\Local\Programs\Python\Python37\;C:\Users\Make Tomorrow Better\AppData\Local\Microsoft\WindowsApps;C:\Users\Make Tomorrow Better\AppData\Local\Programs\Microsoft VS Code\bin;C:\Program Files\heroku\bin;C:\Users\Make Tomorrow Better\AppData\Roaming\npm;C:\Users\Make Tomorrow Better\AppData\Local\GitHubDesktop\bin;C:\Users\Make Tomorrow Better\AppData\Local\Android\Sdk;C:\Users\Make Tomorrow Better\AppData\Local\Android\Sdk\platform-tools;C:\Users\Make Tomorrow Better\AppData\Roaming\nvm;C:\Program Files\nodejs
USERNAME=Make Tomorrow Better
OS=Windows_NT
PROCESSOR_IDENTIFIER=Intel64 Family 6 Model 158 Stepping 10, GenuineIntel
TMP=C:\Users\MAKETO~1\AppData\Local\Temp
TEMP=C:\Users\MAKETO~1\AppData\Local\Temp



---------------  S Y S T E M  ---------------

OS:
 Windows 10 , 64 bit Build 17763 (10.0.17763.475)
OS uptime: 0 days 13:26 hours

CPU: total 6 (initial active 6) (6 cores per cpu, 1 threads per core) family 6 model 158 stepping 10 microcode 0x96, cx8, cmov, fxsr, mmx, 3dnowpref, sse, sse2, sse3, ssse3, sse4.1, sse4.2, popcnt, lzcnt, tsc, tscinvbit, avx, avx2, aes, erms, clmul, bmi1, bmi2, adx, fma, vzeroupper, clflush, clflushopt

Memory: 4k page, system-wide physical 16211M (2393M free)
TotalPageFile size 19286M (AvailPageFile size 5M)
current process WorkingSet (physical memory assigned to process): 142M, peak: 145M
current process commit charge ("private bytes"): 243M, peak: 246M

vm_info: OpenJDK 64-Bit Server VM (17.0.6+10) for windows-amd64 JRE (17.0.6+10), built on Jan 18 2023 10:08:59 by "temurin" with MS VC++ 16.7 (VS2019)

END.
