#
# There is insufficient memory for the Java Runtime Environment to continue.
# Native memory allocation (malloc) failed to allocate 1849136 bytes for Chunk::new
# Possible reasons:
#   The system is out of physical RAM or swap space
#   The process is running with CompressedOops enabled, and the Java Heap may be blocking the growth of the native heap
# Possible solutions:
#   Reduce memory load on the system
#   Increase physical memory or swap space
#   Check if swap backing store is full
#   Decrease Java heap size (-Xmx/-Xms)
#   Decrease number of Java threads
#   Decrease Java thread stack sizes (-Xss)
#   Set larger code cache with -XX:ReservedCodeCacheSize=
#   JVM is running with Unscaled Compressed Oops mode in which the Java heap is
#     placed in the first 4GB address space. The Java Heap base address is the
#     maximum limit for the native heap growth. Please use -XX:HeapBaseMinAddress
#     to set the Java Heap base and to place the Java Heap above 4GB virtual address.
# This output file may be truncated or incomplete.
#
#  Out of Memory Error (arena.cpp:189), pid=20620, tid=19816
#
# JRE version: OpenJDK Runtime Environment Temurin-17.0.6+10 (17.0.6+10) (build 17.0.6+10)
# Java VM: OpenJDK 64-Bit Server VM Temurin-17.0.6+10 (17.0.6+10, mixed mode, tiered, compressed oops, compressed class ptrs, parallel gc, windows-amd64)
# No core dump will be written. Minidumps are not enabled by default on client versions of Windows
#

---------------  S U M M A R Y ------------

Command Line: --add-modules=ALL-SYSTEM --add-opens=java.base/java.util=ALL-UNNAMED --add-opens=java.base/java.lang=ALL-UNNAMED --add-opens=java.base/sun.nio.fs=ALL-UNNAMED -Declipse.application=org.eclipse.jdt.ls.core.id1 -Dosgi.bundles.defaultStartLevel=4 -Declipse.product=org.eclipse.jdt.ls.core.product -Djava.import.generatesMetadataFilesAtProjectRoot=false -Dfile.encoding=utf8 -XX:+UseParallelGC -XX:GCTimeRatio=4 -XX:AdaptiveSizePolicyWeight=90 -Dsun.zip.disableMemoryMapping=true -Xmx1G -Xms100m -Xlog:disable -javaagent:c:\Users\Make Tomorrow Better\.vscode\extensions\redhat.java-1.16.0-win32-x64\lombok\lombok-1.18.24.jar c:\Users\Make Tomorrow Better\.vscode\extensions\redhat.java-1.16.0-win32-x64\server\plugins\org.eclipse.equinox.launcher_1.6.400.v20210924-0641.jar -configuration c:\Users\Make Tomorrow Better\AppData\Roaming\Code\User\globalStorage\redhat.java\1.16.0\config_ss_win -data c:\Users\Make Tomorrow Better\AppData\Roaming\Code\User\workspaceStorage\fc133208676e33f16296db528294fcae\redhat.java\ss_ws

Host: Intel(R) Core(TM) i5-8400 CPU @ 2.80GHz, 6 cores, 15G,  Windows 10 , 64 bit Build 17763 (10.0.17763.475)
Time: Mon Mar 27 11:40:52 2023 GMT Daylight Time elapsed time: 3.958745 seconds (0d 0h 0m 3s)

---------------  T H R E A D  ---------------

Current thread (0x000002ccaa053850):  JavaThread "C2 CompilerThread0" daemon [_thread_in_native, id=19816, stack(0x000000f161c00000,0x000000f161d00000)]


Current CompileTask:
C2:   3958 2285       4       org.objectweb.asm.ClassReader::readMethod (1066 bytes)

Stack: [0x000000f161c00000,0x000000f161d00000]
Native frames: (J=compiled Java code, j=interpreted, Vv=VM code, C=native code)
V  [jvm.dll+0x67741a]
V  [jvm.dll+0x834434]
V  [jvm.dll+0x835bde]
V  [jvm.dll+0x836243]
V  [jvm.dll+0x2457b5]
V  [jvm.dll+0xabafc]
V  [jvm.dll+0xac0cc]
V  [jvm.dll+0x363492]
V  [jvm.dll+0x1bbd68]
V  [jvm.dll+0x218749]
V  [jvm.dll+0x217a11]
V  [jvm.dll+0x1a3d0d]
V  [jvm.dll+0x22742a]
V  [jvm.dll+0x225565]
V  [jvm.dll+0x7ea2cb]
V  [jvm.dll+0x7e483a]
V  [jvm.dll+0x6762c5]
C  [ucrtbase.dll+0x21ffa]
C  [KERNEL32.DLL+0x17974]
C  [ntdll.dll+0x6a271]


---------------  P R O C E S S  ---------------

Threads class SMR info:
_java_thread_list=0x000002ccac588230, length=21, elements={
0x000002cc92412a60, 0x000002cc924c5640, 0x000002cc924c8450, 0x000002cca81d6620,
0x000002cc924ce390, 0x000002ccaa04d170, 0x000002ccaa04ee60, 0x000002ccaa053850,
0x000002ccaa055990, 0x000002ccaa0894e0, 0x000002ccaa125700, 0x000002ccaa37d6f0,
0x000002ccaaabe030, 0x000002ccaaad9bf0, 0x000002ccaaada0c0, 0x000002ccabaa9630,
0x000002ccaab13f80, 0x000002ccaaafe830, 0x000002ccabb45f40, 0x000002ccabb42f20,
0x000002ccabb44c00
}

Java Threads: ( => current thread )
  0x000002cc92412a60 JavaThread "main" [_thread_blocked, id=11668, stack(0x000000f161300000,0x000000f161400000)]
  0x000002cc924c5640 JavaThread "Reference Handler" daemon [_thread_blocked, id=2392, stack(0x000000f161600000,0x000000f161700000)]
  0x000002cc924c8450 JavaThread "Finalizer" daemon [_thread_blocked, id=21144, stack(0x000000f161700000,0x000000f161800000)]
  0x000002cca81d6620 JavaThread "Signal Dispatcher" daemon [_thread_blocked, id=7668, stack(0x000000f161800000,0x000000f161900000)]
  0x000002cc924ce390 JavaThread "Attach Listener" daemon [_thread_blocked, id=16168, stack(0x000000f161900000,0x000000f161a00000)]
  0x000002ccaa04d170 JavaThread "Service Thread" daemon [_thread_blocked, id=13512, stack(0x000000f161a00000,0x000000f161b00000)]
  0x000002ccaa04ee60 JavaThread "Monitor Deflation Thread" daemon [_thread_blocked, id=3524, stack(0x000000f161b00000,0x000000f161c00000)]
=>0x000002ccaa053850 JavaThread "C2 CompilerThread0" daemon [_thread_in_native, id=19816, stack(0x000000f161c00000,0x000000f161d00000)]
  0x000002ccaa055990 JavaThread "C1 CompilerThread0" daemon [_thread_blocked, id=17860, stack(0x000000f161d00000,0x000000f161e00000)]
  0x000002ccaa0894e0 JavaThread "Sweeper thread" daemon [_thread_blocked, id=20968, stack(0x000000f161e00000,0x000000f161f00000)]
  0x000002ccaa125700 JavaThread "Common-Cleaner" daemon [_thread_blocked, id=18272, stack(0x000000f161f00000,0x000000f162000000)]
  0x000002ccaa37d6f0 JavaThread "Notification Thread" daemon [_thread_blocked, id=4504, stack(0x000000f162100000,0x000000f162200000)]
  0x000002ccaaabe030 JavaThread "Active Thread: Equinox Container: ddfea555-29d8-4d46-8a84-b8d4c7bd7862" [_thread_blocked, id=20312, stack(0x000000f162800000,0x000000f162900000)]
  0x000002ccaaad9bf0 JavaThread "Framework Event Dispatcher: Equinox Container: ddfea555-29d8-4d46-8a84-b8d4c7bd7862" daemon [_thread_blocked, id=12708, stack(0x000000f162900000,0x000000f162a00000)]
  0x000002ccaaada0c0 JavaThread "Start Level: Equinox Container: ddfea555-29d8-4d46-8a84-b8d4c7bd7862" daemon [_thread_blocked, id=14604, stack(0x000000f162a00000,0x000000f162b00000)]
  0x000002ccabaa9630 JavaThread "SCR Component Actor" daemon [_thread_blocked, id=8492, stack(0x000000f162b00000,0x000000f162c00000)]
  0x000002ccaab13f80 JavaThread "SCR Component Registry" daemon [_thread_blocked, id=1232, stack(0x000000f162c00000,0x000000f162d00000)]
  0x000002ccaaafe830 JavaThread "Worker-JM" [_thread_blocked, id=10336, stack(0x000000f162000000,0x000000f162100000)]
  0x000002ccabb45f40 JavaThread "Worker-0" [_thread_blocked, id=18448, stack(0x000000f162d00000,0x000000f162e00000)]
  0x000002ccabb42f20 JavaThread "Worker-1" [_thread_blocked, id=16260, stack(0x000000f162e00000,0x000000f162f00000)]
  0x000002ccabb44c00 JavaThread "Java indexing" daemon [_thread_new, id=21236, stack(0x0000000000000000,0x0000000000000000)]

Other Threads:
  0x000002cca81b83a0 VMThread "VM Thread" [stack: 0x000000f161500000,0x000000f161600000] [id=13200] _threads_hazard_ptr=0x000002ccac588230
  0x000002ccaa583940 WatcherThread [stack: 0x000000f162200000,0x000000f162300000] [id=20788]
  0x000002cc92426950 GCTaskThread "GC Thread#0" [stack: 0x000000f161400000,0x000000f161500000] [id=9240]
  0x000002ccaa809250 GCTaskThread "GC Thread#1" [stack: 0x000000f162300000,0x000000f162400000] [id=12148]
  0x000002ccaa809500 GCTaskThread "GC Thread#2" [stack: 0x000000f162400000,0x000000f162500000] [id=10680]
  0x000002ccaa8097b0 GCTaskThread "GC Thread#3" [stack: 0x000000f162500000,0x000000f162600000] [id=14764]
  0x000002ccaa809a60 GCTaskThread "GC Thread#4" [stack: 0x000000f162600000,0x000000f162700000] [id=20608]
  0x000002ccaa809d10 GCTaskThread "GC Thread#5" [stack: 0x000000f162700000,0x000000f162800000] [id=21124]

Threads with active compile tasks:
C2 CompilerThread0     3973 2285       4       org.objectweb.asm.ClassReader::readMethod (1066 bytes)

VM state: not at safepoint (normal execution)

VM Mutex/Monitor currently owned by a thread:  ([mutex/lock_event])
[0x000002cc9240f2d0] Compile_lock - owner thread: 0x000002ccaaada0c0

Heap address: 0x00000000c0000000, size: 1024 MB, Compressed Oops mode: 32-bit

CDS archive(s) not mapped
Compressed class space mapped at: 0x0000000100000000-0x0000000140000000, reserved size: 1073741824
Narrow klass base: 0x0000000000000000, Narrow klass shift: 3, Narrow klass range: 0x140000000

GC Precious Log:
 CPUs: 6 total, 6 available
 Memory: 16211M
 Large Page Support: Disabled
 NUMA Support: Disabled
 Compressed Oops: Enabled (32-bit)
 Alignments: Space 512K, Generation 512K, Heap 2M
 Heap Min Capacity: 100M
 Heap Initial Capacity: 100M
 Heap Max Capacity: 1G
 Pre-touch: Disabled
 Parallel Workers: 6

Heap:
 PSYoungGen      total 26112K, used 25752K [0x00000000eab00000, 0x00000000ec880000, 0x0000000100000000)
  eden space 25088K, 99% used [0x00000000eab00000,0x00000000ec37c210,0x00000000ec380000)
  from space 1024K, 66% used [0x00000000ec400000,0x00000000ec4aa1a8,0x00000000ec500000)
  to   space 2560K, 0% used [0x00000000ec600000,0x00000000ec600000,0x00000000ec880000)
 ParOldGen       total 68608K, used 6901K [0x00000000c0000000, 0x00000000c4300000, 0x00000000eab00000)
  object space 68608K, 10% used [0x00000000c0000000,0x00000000c06bd780,0x00000000c4300000)
 Metaspace       used 27390K, committed 27904K, reserved 1081344K
  class space    used 2636K, committed 2880K, reserved 1048576K

Card table byte_map: [0x000002cca5a50000,0x000002cca5c60000] _byte_map_base: 0x000002cca5450000

Marking Bits: (ParMarkBitMap*) 0x00007ffcf0643e70
 Begin Bits: [0x000002cca5dc0000, 0x000002cca6dc0000)
 End Bits:   [0x000002cca6dc0000, 0x000002cca7dc0000)

Polling page: 0x000002cc924d0000

Metaspace:

Usage:
  Non-class:     24.17 MB used.
      Class:      2.57 MB used.
       Both:     26.75 MB used.

Virtual space:
  Non-class space:       32.00 MB reserved,      24.44 MB ( 76%) committed,  4 nodes.
      Class space:        1.00 GB reserved,       2.81 MB ( <1%) committed,  1 nodes.
             Both:        1.03 GB reserved,      27.25 MB (  3%) committed. 

Chunk freelists:
   Non-Class:  3.41 MB
       Class:  1.04 MB
        Both:  4.45 MB

MaxMetaspaceSize: unlimited
CompressedClassSpaceSize: 1.00 GB
Initial GC threshold: 21.00 MB
Current GC threshold: 35.00 MB
CDS: off
MetaspaceReclaimPolicy: balanced
 - commit_granule_bytes: 65536.
 - commit_granule_words: 8192.
 - virtual_space_node_default_size: 1048576.
 - enlarge_chunks_in_place: 1.
 - new_chunks_are_fully_committed: 0.
 - uncommit_free_chunks: 1.
 - use_allocation_guard: 0.
 - handle_deallocations: 1.


Internal statistics:

num_allocs_failed_limit: 3.
num_arena_births: 216.
num_arena_deaths: 14.
num_vsnodes_births: 5.
num_vsnodes_deaths: 0.
num_space_committed: 436.
num_space_uncommitted: 0.
num_chunks_returned_to_freelist: 17.
num_chunks_taken_from_freelist: 934.
num_chunk_merges: 7.
num_chunk_splits: 631.
num_chunks_enlarged: 452.
num_purges: 2.
num_inconsistent_stats: 0.

CodeHeap 'non-profiled nmethods': size=120000Kb used=926Kb max_used=926Kb free=119073Kb
 bounds [0x000002cc9e340000, 0x000002cc9e5b0000, 0x000002cca5870000]
CodeHeap 'profiled nmethods': size=120000Kb used=4711Kb max_used=4711Kb free=115288Kb
 bounds [0x000002cc96870000, 0x000002cc96d10000, 0x000002cc9dda0000]
CodeHeap 'non-nmethods': size=5760Kb used=1228Kb max_used=1236Kb free=4531Kb
 bounds [0x000002cc9dda0000, 0x000002cc9e010000, 0x000002cc9e340000]
 total_blobs=2921 nmethods=2378 adapters=457
 compilation: enabled
              stopped_count=0, restarted_count=0
 full_count=0

Compilation events (20 events):
Event: 3.893 Thread 0x000002ccaa055990 2372       3       java.lang.invoke.LambdaForm$Name::replaceNames (175 bytes)
Event: 3.894 Thread 0x000002ccaa055990 nmethod 2372 0x000002cc96d06210 code [0x000002cc96d06440, 0x000002cc96d06fb8]
Event: 3.894 Thread 0x000002ccaa055990 2373       3       java.lang.invoke.LambdaForm::useCount (61 bytes)
Event: 3.894 Thread 0x000002ccaa055990 nmethod 2373 0x000002cc96d07310 code [0x000002cc96d074e0, 0x000002cc96d07848]
Event: 3.895 Thread 0x000002ccaa055990 2374       3       java.lang.invoke.DirectMethodHandle::internalMemberName (8 bytes)
Event: 3.895 Thread 0x000002ccaa055990 nmethod 2374 0x000002cc96d07a10 code [0x000002cc96d07ba0, 0x000002cc96d07d78]
Event: 3.897 Thread 0x000002ccaa055990 2375       3       org.eclipse.core.runtime.Path::segment (18 bytes)
Event: 3.897 Thread 0x000002ccaa055990 nmethod 2375 0x000002cc96d07e90 code [0x000002cc96d08040, 0x000002cc96d081d8]
Event: 3.898 Thread 0x000002ccaa055990 2376       1       org.eclipse.core.internal.resources.Resource::getFullPath (5 bytes)
Event: 3.898 Thread 0x000002ccaa055990 nmethod 2376 0x000002cc9e426b10 code [0x000002cc9e426ca0, 0x000002cc9e426d78]
Event: 3.901 Thread 0x000002ccaa055990 2377       3       org.eclipse.core.runtime.Path::hashCode (28 bytes)
Event: 3.901 Thread 0x000002ccaa055990 nmethod 2377 0x000002cc96d08290 code [0x000002cc96d08440, 0x000002cc96d085e8]
Event: 3.903 Thread 0x000002ccaa055990 2379       3       java.lang.invoke.MethodType::changeReturnType (20 bytes)
Event: 3.903 Thread 0x000002ccaa055990 nmethod 2379 0x000002cc96d08690 code [0x000002cc96d08840, 0x000002cc96d08a08]
Event: 3.906 Thread 0x000002ccaa055990 2380   !   3       jdk.internal.reflect.NativeConstructorAccessorImpl::newInstance (122 bytes)
Event: 3.907 Thread 0x000002ccaa055990 nmethod 2380 0x000002cc96d08a90 code [0x000002cc96d08ce0, 0x000002cc96d09828]
Event: 3.912 Thread 0x000002ccaa055990 2382       1       java.util.concurrent.atomic.AtomicReference::set (6 bytes)
Event: 3.912 Thread 0x000002ccaa055990 nmethod 2382 0x000002cc9e427590 code [0x000002cc9e427720, 0x000002cc9e4277f8]
Event: 3.912 Thread 0x000002ccaa055990 2383       1       org.eclipse.core.internal.jobs.InternalJob::previous (5 bytes)
Event: 3.912 Thread 0x000002ccaa055990 nmethod 2383 0x000002cc9e427890 code [0x000002cc9e427a20, 0x000002cc9e427af8]

GC Heap History (12 events):
Event: 0.862 GC heap before
{Heap before GC invocations=1 (full 0):
 PSYoungGen      total 29696K, used 25600K [0x00000000eab00000, 0x00000000ecc00000, 0x0000000100000000)
  eden space 25600K, 100% used [0x00000000eab00000,0x00000000ec400000,0x00000000ec400000)
  from space 4096K, 0% used [0x00000000ec800000,0x00000000ec800000,0x00000000ecc00000)
  to   space 4096K, 0% used [0x00000000ec400000,0x00000000ec400000,0x00000000ec800000)
 ParOldGen       total 68608K, used 0K [0x00000000c0000000, 0x00000000c4300000, 0x00000000eab00000)
  object space 68608K, 0% used [0x00000000c0000000,0x00000000c0000000,0x00000000c4300000)
 Metaspace       used 11123K, committed 11328K, reserved 1064960K
  class space    used 1103K, committed 1216K, reserved 1048576K
}
Event: 0.867 GC heap after
{Heap after GC invocations=1 (full 0):
 PSYoungGen      total 29696K, used 3208K [0x00000000eab00000, 0x00000000ecc00000, 0x0000000100000000)
  eden space 25600K, 0% used [0x00000000eab00000,0x00000000eab00000,0x00000000ec400000)
  from space 4096K, 78% used [0x00000000ec400000,0x00000000ec722208,0x00000000ec800000)
  to   space 4096K, 0% used [0x00000000ec800000,0x00000000ec800000,0x00000000ecc00000)
 ParOldGen       total 68608K, used 8K [0x00000000c0000000, 0x00000000c4300000, 0x00000000eab00000)
  object space 68608K, 0% used [0x00000000c0000000,0x00000000c0002000,0x00000000c4300000)
 Metaspace       used 11123K, committed 11328K, reserved 1064960K
  class space    used 1103K, committed 1216K, reserved 1048576K
}
Event: 1.561 GC heap before
{Heap before GC invocations=2 (full 0):
 PSYoungGen      total 29696K, used 28808K [0x00000000eab00000, 0x00000000ecc00000, 0x0000000100000000)
  eden space 25600K, 100% used [0x00000000eab00000,0x00000000ec400000,0x00000000ec400000)
  from space 4096K, 78% used [0x00000000ec400000,0x00000000ec722208,0x00000000ec800000)
  to   space 4096K, 0% used [0x00000000ec800000,0x00000000ec800000,0x00000000ecc00000)
 ParOldGen       total 68608K, used 8K [0x00000000c0000000, 0x00000000c4300000, 0x00000000eab00000)
  object space 68608K, 0% used [0x00000000c0000000,0x00000000c0002000,0x00000000c4300000)
 Metaspace       used 15292K, committed 15552K, reserved 1064960K
  class space    used 1558K, committed 1728K, reserved 1048576K
}
Event: 1.564 GC heap after
{Heap after GC invocations=2 (full 0):
 PSYoungGen      total 29696K, used 4094K [0x00000000eab00000, 0x00000000ecc00000, 0x0000000100000000)
  eden space 25600K, 0% used [0x00000000eab00000,0x00000000eab00000,0x00000000ec400000)
  from space 4096K, 99% used [0x00000000ec800000,0x00000000ecbffa48,0x00000000ecc00000)
  to   space 4096K, 0% used [0x00000000ec400000,0x00000000ec400000,0x00000000ec800000)
 ParOldGen       total 68608K, used 846K [0x00000000c0000000, 0x00000000c4300000, 0x00000000eab00000)
  object space 68608K, 1% used [0x00000000c0000000,0x00000000c00d3850,0x00000000c4300000)
 Metaspace       used 15292K, committed 15552K, reserved 1064960K
  class space    used 1558K, committed 1728K, reserved 1048576K
}
Event: 2.668 GC heap before
{Heap before GC invocations=3 (full 0):
 PSYoungGen      total 29696K, used 29694K [0x00000000eab00000, 0x00000000ecc00000, 0x0000000100000000)
  eden space 25600K, 100% used [0x00000000eab00000,0x00000000ec400000,0x00000000ec400000)
  from space 4096K, 99% used [0x00000000ec800000,0x00000000ecbffa48,0x00000000ecc00000)
  to   space 4096K, 0% used [0x00000000ec400000,0x00000000ec400000,0x00000000ec800000)
 ParOldGen       total 68608K, used 846K [0x00000000c0000000, 0x00000000c4300000, 0x00000000eab00000)
  object space 68608K, 1% used [0x00000000c0000000,0x00000000c00d3850,0x00000000c4300000)
 Metaspace       used 20415K, committed 20864K, reserved 1073152K
  class space    used 2074K, committed 2304K, reserved 1048576K
}
Event: 2.672 GC heap after
{Heap after GC invocations=3 (full 0):
 PSYoungGen      total 29696K, used 4085K [0x00000000eab00000, 0x00000000ecc00000, 0x0000000100000000)
  eden space 25600K, 0% used [0x00000000eab00000,0x00000000eab00000,0x00000000ec400000)
  from space 4096K, 99% used [0x00000000ec400000,0x00000000ec7fd528,0x00000000ec800000)
  to   space 4096K, 0% used [0x00000000ec800000,0x00000000ec800000,0x00000000ecc00000)
 ParOldGen       total 68608K, used 2863K [0x00000000c0000000, 0x00000000c4300000, 0x00000000eab00000)
  object space 68608K, 4% used [0x00000000c0000000,0x00000000c02cbd18,0x00000000c4300000)
 Metaspace       used 20415K, committed 20864K, reserved 1073152K
  class space    used 2074K, committed 2304K, reserved 1048576K
}
Event: 2.892 GC heap before
{Heap before GC invocations=4 (full 0):
 PSYoungGen      total 29696K, used 8094K [0x00000000eab00000, 0x00000000ecc00000, 0x0000000100000000)
  eden space 25600K, 15% used [0x00000000eab00000,0x00000000eaeea500,0x00000000ec400000)
  from space 4096K, 99% used [0x00000000ec400000,0x00000000ec7fd528,0x00000000ec800000)
  to   space 4096K, 0% used [0x00000000ec800000,0x00000000ec800000,0x00000000ecc00000)
 ParOldGen       total 68608K, used 2863K [0x00000000c0000000, 0x00000000c4300000, 0x00000000eab00000)
  object space 68608K, 4% used [0x00000000c0000000,0x00000000c02cbd18,0x00000000c4300000)
 Metaspace       used 21056K, committed 21504K, reserved 1073152K
  class space    used 2149K, committed 2368K, reserved 1048576K
}
Event: 2.894 GC heap after
{Heap after GC invocations=4 (full 0):
 PSYoungGen      total 29696K, used 4085K [0x00000000eab00000, 0x00000000ecc00000, 0x0000000100000000)
  eden space 25600K, 0% used [0x00000000eab00000,0x00000000eab00000,0x00000000ec400000)
  from space 4096K, 99% used [0x00000000ec800000,0x00000000ecbfd528,0x00000000ecc00000)
  to   space 4096K, 0% used [0x00000000ec400000,0x00000000ec400000,0x00000000ec800000)
 ParOldGen       total 68608K, used 3031K [0x00000000c0000000, 0x00000000c4300000, 0x00000000eab00000)
  object space 68608K, 4% used [0x00000000c0000000,0x00000000c02f5d18,0x00000000c4300000)
 Metaspace       used 21056K, committed 21504K, reserved 1073152K
  class space    used 2149K, committed 2368K, reserved 1048576K
}
Event: 2.894 GC heap before
{Heap before GC invocations=5 (full 1):
 PSYoungGen      total 29696K, used 4085K [0x00000000eab00000, 0x00000000ecc00000, 0x0000000100000000)
  eden space 25600K, 0% used [0x00000000eab00000,0x00000000eab00000,0x00000000ec400000)
  from space 4096K, 99% used [0x00000000ec800000,0x00000000ecbfd528,0x00000000ecc00000)
  to   space 4096K, 0% used [0x00000000ec400000,0x00000000ec400000,0x00000000ec800000)
 ParOldGen       total 68608K, used 3031K [0x00000000c0000000, 0x00000000c4300000, 0x00000000eab00000)
  object space 68608K, 4% used [0x00000000c0000000,0x00000000c02f5d18,0x00000000c4300000)
 Metaspace       used 21056K, committed 21504K, reserved 1073152K
  class space    used 2149K, committed 2368K, reserved 1048576K
}
Event: 2.912 GC heap after
{Heap after GC invocations=5 (full 1):
 PSYoungGen      total 29696K, used 0K [0x00000000eab00000, 0x00000000ecc00000, 0x0000000100000000)
  eden space 25600K, 0% used [0x00000000eab00000,0x00000000eab00000,0x00000000ec400000)
  from space 4096K, 0% used [0x00000000ec800000,0x00000000ec800000,0x00000000ecc00000)
  to   space 4096K, 0% used [0x00000000ec400000,0x00000000ec400000,0x00000000ec800000)
 ParOldGen       total 68608K, used 6893K [0x00000000c0000000, 0x00000000c4300000, 0x00000000eab00000)
  object space 68608K, 10% used [0x00000000c0000000,0x00000000c06bb780,0x00000000c4300000)
 Metaspace       used 21043K, committed 21504K, reserved 1073152K
  class space    used 2145K, committed 2368K, reserved 1048576K
}
Event: 3.625 GC heap before
{Heap before GC invocations=6 (full 1):
 PSYoungGen      total 29696K, used 25600K [0x00000000eab00000, 0x00000000ecc00000, 0x0000000100000000)
  eden space 25600K, 100% used [0x00000000eab00000,0x00000000ec400000,0x00000000ec400000)
  from space 4096K, 0% used [0x00000000ec800000,0x00000000ec800000,0x00000000ecc00000)
  to   space 4096K, 0% used [0x00000000ec400000,0x00000000ec400000,0x00000000ec800000)
 ParOldGen       total 68608K, used 6893K [0x00000000c0000000, 0x00000000c4300000, 0x00000000eab00000)
  object space 68608K, 10% used [0x00000000c0000000,0x00000000c06bb780,0x00000000c4300000)
 Metaspace       used 24540K, committed 25024K, reserved 1073152K
  class space    used 2400K, committed 2624K, reserved 1048576K
}
Event: 3.626 GC heap after
{Heap after GC invocations=6 (full 1):
 PSYoungGen      total 26112K, used 680K [0x00000000eab00000, 0x00000000ec880000, 0x0000000100000000)
  eden space 25088K, 0% used [0x00000000eab00000,0x00000000eab00000,0x00000000ec380000)
  from space 1024K, 66% used [0x00000000ec400000,0x00000000ec4aa1a8,0x00000000ec500000)
  to   space 2560K, 0% used [0x00000000ec600000,0x00000000ec600000,0x00000000ec880000)
 ParOldGen       total 68608K, used 6901K [0x00000000c0000000, 0x00000000c4300000, 0x00000000eab00000)
  object space 68608K, 10% used [0x00000000c0000000,0x00000000c06bd780,0x00000000c4300000)
 Metaspace       used 24540K, committed 25024K, reserved 1073152K
  class space    used 2400K, committed 2624K, reserved 1048576K
}

Dll operation events (9 events):
Event: 0.006 Loaded shared library c:\Users\Make Tomorrow Better\.vscode\extensions\redhat.java-1.16.0-win32-x64\jre\17.0.6-win32-x86_64\bin\java.dll
Event: 0.136 Loaded shared library c:\Users\Make Tomorrow Better\.vscode\extensions\redhat.java-1.16.0-win32-x64\jre\17.0.6-win32-x86_64\bin\zip.dll
Event: 0.139 Loaded shared library C:\Users\Make Tomorrow Better\.vscode\extensions\redhat.java-1.16.0-win32-x64\jre\17.0.6-win32-x86_64\bin\instrument.dll
Event: 0.155 Loaded shared library C:\Users\Make Tomorrow Better\.vscode\extensions\redhat.java-1.16.0-win32-x64\jre\17.0.6-win32-x86_64\bin\net.dll
Event: 0.156 Loaded shared library C:\Users\Make Tomorrow Better\.vscode\extensions\redhat.java-1.16.0-win32-x64\jre\17.0.6-win32-x86_64\bin\nio.dll
Event: 0.161 Loaded shared library C:\Users\Make Tomorrow Better\.vscode\extensions\redhat.java-1.16.0-win32-x64\jre\17.0.6-win32-x86_64\bin\zip.dll
Event: 0.173 Loaded shared library C:\Users\Make Tomorrow Better\.vscode\extensions\redhat.java-1.16.0-win32-x64\jre\17.0.6-win32-x86_64\bin\jimage.dll
Event: 0.229 Loaded shared library c:\Users\Make Tomorrow Better\.vscode\extensions\redhat.java-1.16.0-win32-x64\jre\17.0.6-win32-x86_64\bin\verify.dll
Event: 1.470 Loaded shared library C:\Users\Make Tomorrow Better\AppData\Roaming\Code\User\globalStorage\redhat.java\1.16.0\config_ss_win\org.eclipse.equinox.launcher\org.eclipse.equinox.launcher.win32.win32.x86_64_1.2.700.v20221108-1024\eclipse_11801.dll

Deoptimization events (20 events):
Event: 2.666 Thread 0x000002ccaaada0c0 DEOPT PACKING pc=0x000002cc9e3c9040 sp=0x000000f162af9230
Event: 2.666 Thread 0x000002ccaaada0c0 DEOPT UNPACKING pc=0x000002cc9ddf66a3 sp=0x000000f162af91b8 mode 2
Event: 3.855 Thread 0x000002ccaaada0c0 DEOPT PACKING pc=0x000002cc969bc91e sp=0x000000f162af7f60
Event: 3.855 Thread 0x000002ccaaada0c0 DEOPT UNPACKING pc=0x000002cc9ddf6e43 sp=0x000000f162af7458 mode 0
Event: 3.859 Thread 0x000002ccaaada0c0 DEOPT PACKING pc=0x000002cc969bc91e sp=0x000000f162af7f60
Event: 3.859 Thread 0x000002ccaaada0c0 DEOPT UNPACKING pc=0x000002cc9ddf6e43 sp=0x000000f162af7458 mode 0
Event: 3.859 Thread 0x000002ccaaada0c0 Uncommon trap: trap_request=0xffffff45 fr.pc=0x000002cc9e40beb4 relative=0x0000000000000ff4
Event: 3.859 Thread 0x000002ccaaada0c0 Uncommon trap: reason=unstable_if action=reinterpret pc=0x000002cc9e40beb4 method=java.util.Properties.loadConvert([CIILjava/lang/StringBuilder;)Ljava/lang/String; @ 463 c2
Event: 3.859 Thread 0x000002ccaaada0c0 DEOPT PACKING pc=0x000002cc9e40beb4 sp=0x000000f162af7f80
Event: 3.859 Thread 0x000002ccaaada0c0 DEOPT UNPACKING pc=0x000002cc9ddf66a3 sp=0x000000f162af7f70 mode 2
Event: 3.860 Thread 0x000002ccaaada0c0 DEOPT PACKING pc=0x000002cc969bc91e sp=0x000000f162af7f60
Event: 3.860 Thread 0x000002ccaaada0c0 DEOPT UNPACKING pc=0x000002cc9ddf6e43 sp=0x000000f162af7458 mode 0
Event: 3.882 Thread 0x000002ccaaada0c0 DEOPT PACKING pc=0x000002cc969bc91e sp=0x000000f162af8d10
Event: 3.882 Thread 0x000002ccaaada0c0 DEOPT UNPACKING pc=0x000002cc9ddf6e43 sp=0x000000f162af8208 mode 0
Event: 3.889 Thread 0x000002ccaaada0c0 DEOPT PACKING pc=0x000002cc969bc91e sp=0x000000f162af8d10
Event: 3.889 Thread 0x000002ccaaada0c0 DEOPT UNPACKING pc=0x000002cc9ddf6e43 sp=0x000000f162af8208 mode 0
Event: 3.889 Thread 0x000002ccaaada0c0 DEOPT PACKING pc=0x000002cc969bc91e sp=0x000000f162af8d10
Event: 3.889 Thread 0x000002ccaaada0c0 DEOPT UNPACKING pc=0x000002cc9ddf6e43 sp=0x000000f162af8208 mode 0
Event: 3.890 Thread 0x000002ccaaada0c0 DEOPT PACKING pc=0x000002cc969bc91e sp=0x000000f162af8d10
Event: 3.890 Thread 0x000002ccaaada0c0 DEOPT UNPACKING pc=0x000002cc9ddf6e43 sp=0x000000f162af8208 mode 0

Classes unloaded (7 events):
Event: 2.898 Thread 0x000002cca81b83a0 Unloading class 0x0000000100212400 'java/lang/invoke/LambdaForm$MH+0x0000000100212400'
Event: 2.898 Thread 0x000002cca81b83a0 Unloading class 0x0000000100212000 'java/lang/invoke/LambdaForm$MH+0x0000000100212000'
Event: 2.898 Thread 0x000002cca81b83a0 Unloading class 0x0000000100211c00 'java/lang/invoke/LambdaForm$MH+0x0000000100211c00'
Event: 2.898 Thread 0x000002cca81b83a0 Unloading class 0x0000000100211800 'java/lang/invoke/LambdaForm$MH+0x0000000100211800'
Event: 2.898 Thread 0x000002cca81b83a0 Unloading class 0x0000000100211000 'java/lang/invoke/LambdaForm$BMH+0x0000000100211000'
Event: 2.898 Thread 0x000002cca81b83a0 Unloading class 0x0000000100210c00 'java/lang/invoke/LambdaForm$DMH+0x0000000100210c00'
Event: 2.898 Thread 0x000002cca81b83a0 Unloading class 0x000000010020e000 'java/lang/invoke/LambdaForm$DMH+0x000000010020e000'

Classes redefined (0 events):
No events

Internal exceptions (20 events):
Event: 2.385 Thread 0x000002ccaaada0c0 Exception <a 'java/lang/NoSuchMethodError'{0x00000000ebdfb868}: 'java.lang.Object java.lang.invoke.DirectMethodHandle$Holder.invokeStatic(java.lang.Object, java.lang.Object, java.lang.Object, java.lang.Object, int)'> (0x00000000ebdfb868) 
thrown [s\src\hotspot\share\interpreter\linkResolver.cpp, line 759]
Event: 2.386 Thread 0x000002ccaaada0c0 Exception <a 'java/lang/NoSuchMethodError'{0x00000000ebe07860}: 'java.lang.Object java.lang.invoke.DelegatingMethodHandle$Holder.reinvoke_L(java.lang.Object, java.lang.Object, java.lang.Object, java.lang.Object, int, int)'> (0x00000000ebe07860) 
thrown [s\src\hotspot\share\interpreter\linkResolver.cpp, line 759]
Event: 2.387 Thread 0x000002ccaaada0c0 Exception <a 'java/lang/NoSuchMethodError'{0x00000000ebe1f478}: 'java.lang.Object java.lang.invoke.Invokers$Holder.invokeExact_MT(java.lang.Object, java.lang.Object, java.lang.Object, java.lang.Object)'> (0x00000000ebe1f478) 
thrown [s\src\hotspot\share\interpreter\linkResolver.cpp, line 759]
Event: 2.636 Thread 0x000002ccaaada0c0 Exception <a 'java/lang/NoSuchMethodError'{0x00000000ec235ad0}: 'java.lang.Object java.lang.invoke.DirectMethodHandle$Holder.newInvokeSpecial(java.lang.Object, java.lang.Object, java.lang.Object, java.lang.Object, java.lang.Object)'> (0x00000000ec235ad0) 
thrown [s\src\hotspot\share\interpreter\linkResolver.cpp, line 759]
Event: 2.731 Thread 0x000002ccaaada0c0 Exception <a 'java/lang/NoSuchMethodError'{0x00000000eac7ac90}: 'java.lang.Object java.lang.invoke.DirectMethodHandle$Holder.invokeSpecial(java.lang.Object, java.lang.Object, java.lang.Object, long, java.lang.Object)'> (0x00000000eac7ac90) 
thrown [s\src\hotspot\share\interpreter\linkResolver.cpp, line 759]
Event: 2.732 Thread 0x000002ccaaada0c0 Exception <a 'java/lang/NoSuchMethodError'{0x00000000eac82e48}: 'java.lang.Object java.lang.invoke.DirectMethodHandle$Holder.newInvokeSpecial(java.lang.Object, java.lang.Object, java.lang.Object, long)'> (0x00000000eac82e48) 
thrown [s\src\hotspot\share\interpreter\linkResolver.cpp, line 759]
Event: 2.732 Thread 0x000002ccaaada0c0 Exception <a 'java/lang/NoSuchMethodError'{0x00000000eac873e8}: 'java.lang.Object java.lang.invoke.DirectMethodHandle$Holder.invokeSpecial(java.lang.Object, java.lang.Object, java.lang.Object, java.lang.Object, long)'> (0x00000000eac873e8) 
thrown [s\src\hotspot\share\interpreter\linkResolver.cpp, line 759]
Event: 2.762 Thread 0x000002ccaaada0c0 Exception <a 'java/lang/NoSuchMethodError'{0x00000000eacf4900}: 'int java.lang.invoke.DirectMethodHandle$Holder.invokeStaticInit(java.lang.Object, java.lang.Object, java.lang.Object)'> (0x00000000eacf4900) 
thrown [s\src\hotspot\share\interpreter\linkResolver.cpp, line 759]
Event: 2.766 Thread 0x000002ccaaada0c0 Exception <a 'java/lang/IncompatibleClassChangeError'{0x00000000ead5b610}: Found class java.lang.Object, but interface was expected> (0x00000000ead5b610) 
thrown [s\src\hotspot\share\interpreter\linkResolver.cpp, line 826]
Event: 2.770 Thread 0x000002ccaaada0c0 Exception <a 'java/lang/NoSuchMethodError'{0x00000000ead98b40}: 'java.lang.Object java.lang.invoke.DirectMethodHandle$Holder.invokeSpecial(java.lang.Object, java.lang.Object, java.lang.Object, int, java.lang.Object, java.lang.Object)'> (0x00000000ead98b40) 
thrown [s\src\hotspot\share\interpreter\linkResolver.cpp, line 759]
Event: 2.771 Thread 0x000002ccaaada0c0 Exception <a 'java/lang/NoSuchMethodError'{0x00000000eada12c8}: 'java.lang.Object java.lang.invoke.DirectMethodHandle$Holder.newInvokeSpecial(java.lang.Object, java.lang.Object, java.lang.Object, int, java.lang.Object)'> (0x00000000eada12c8) 
thrown [s\src\hotspot\share\interpreter\linkResolver.cpp, line 759]
Event: 2.771 Thread 0x000002ccaaada0c0 Exception <a 'java/lang/NoSuchMethodError'{0x00000000eada5720}: 'java.lang.Object java.lang.invoke.DirectMethodHandle$Holder.invokeSpecial(java.lang.Object, java.lang.Object, java.lang.Object, java.lang.Object, int, java.lang.Object)'> (0x00000000eada5720) 
thrown [s\src\hotspot\share\interpreter\linkResolver.cpp, line 759]
Event: 2.772 Thread 0x000002ccabb45f40 Exception <a 'java/lang/NoSuchMethodError'{0x00000000ead776b0}: 'java.lang.Object java.lang.invoke.DirectMethodHandle$Holder.invokeSpecial(java.lang.Object, java.lang.Object, int, java.lang.Object, java.lang.Object)'> (0x00000000ead776b0) 
thrown [s\src\hotspot\share\interpreter\linkResolver.cpp, line 759]
Event: 2.772 Thread 0x000002ccabb45f40 Exception <a 'java/lang/NoSuchMethodError'{0x00000000ead7ed80}: 'java.lang.Object java.lang.invoke.DirectMethodHandle$Holder.newInvokeSpecial(java.lang.Object, java.lang.Object, int, java.lang.Object)'> (0x00000000ead7ed80) 
thrown [s\src\hotspot\share\interpreter\linkResolver.cpp, line 759]
Event: 2.772 Thread 0x000002ccabb45f40 Exception <a 'java/lang/NoSuchMethodError'{0x00000000ead82890}: 'java.lang.Object java.lang.invoke.DirectMethodHandle$Holder.invokeSpecial(java.lang.Object, java.lang.Object, java.lang.Object, int, java.lang.Object)'> (0x00000000ead82890) 
thrown [s\src\hotspot\share\interpreter\linkResolver.cpp, line 759]
Event: 2.922 Thread 0x000002ccabb45f40 Exception <a 'java/io/FileNotFoundException'{0x00000000eab60f58}> (0x00000000eab60f58) 
thrown [s\src\hotspot\share\prims\jni.cpp, line 516]
Event: 3.880 Thread 0x000002ccaaada0c0 Exception <a 'java/lang/ClassNotFoundException'{0x00000000ec17fc58}: com/sun/org/apache/xerces/internal/impl/msg/spi/DOMMessagesProvider> (0x00000000ec17fc58) 
thrown [s\src\hotspot\share\classfile\systemDictionary.cpp, line 256]
Event: 3.882 Thread 0x000002ccaaada0c0 Exception <a 'java/lang/ClassNotFoundException'{0x00000000ec1a66e8}: com/sun/org/apache/xerces/internal/impl/msg/spi/XMLSerializerMessagesProvider> (0x00000000ec1a66e8) 
thrown [s\src\hotspot\share\classfile\systemDictionary.cpp, line 256]
Event: 3.888 Thread 0x000002ccaaada0c0 Exception <a 'java/lang/ClassNotFoundException'{0x00000000ec1b3920}: com/sun/org/apache/xerces/internal/impl/msg/spi/XMLMessagesProvider> (0x00000000ec1b3920) 
thrown [s\src\hotspot\share\classfile\systemDictionary.cpp, line 256]
Event: 3.902 Thread 0x000002ccaaada0c0 Exception <a 'java/lang/NoSuchMethodError'{0x00000000ec270310}: 'void java.lang.invoke.DirectMethodHandle$Holder.invokeVirtual(java.lang.Object, java.lang.Object)'> (0x00000000ec270310) 
thrown [s\src\hotspot\share\interpreter\linkResolver.cpp, line 759]

VM Operations (20 events):
Event: 1.515 Executing VM operation: HandshakeAllThreads done
Event: 1.561 Executing VM operation: ParallelGCFailedAllocation
Event: 1.565 Executing VM operation: ParallelGCFailedAllocation done
Event: 1.949 Executing VM operation: HandshakeAllThreads
Event: 1.949 Executing VM operation: HandshakeAllThreads done
Event: 2.132 Executing VM operation: HandshakeAllThreads
Event: 2.132 Executing VM operation: HandshakeAllThreads done
Event: 2.134 Executing VM operation: HandshakeAllThreads
Event: 2.134 Executing VM operation: HandshakeAllThreads done
Event: 2.382 Executing VM operation: HandshakeAllThreads
Event: 2.382 Executing VM operation: HandshakeAllThreads done
Event: 2.667 Executing VM operation: ParallelGCFailedAllocation
Event: 2.672 Executing VM operation: ParallelGCFailedAllocation done
Event: 2.780 Executing VM operation: HandshakeAllThreads
Event: 2.883 Executing VM operation: HandshakeAllThreads done
Event: 2.892 Executing VM operation: CollectForMetadataAllocation
Event: 2.918 Executing VM operation: CollectForMetadataAllocation done
Event: 3.625 Executing VM operation: ParallelGCFailedAllocation
Event: 3.626 Executing VM operation: ParallelGCFailedAllocation done
Event: 3.919 Executing VM operation: HandshakeAllThreads

Events (20 events):
Event: 3.883 loading class com/sun/org/apache/xerces/internal/impl/msg/XMLSerializerMessages_en done
Event: 3.883 loading class com/sun/org/apache/xerces/internal/impl/msg/XMLSerializerMessages_en_GB
Event: 3.883 loading class com/sun/org/apache/xerces/internal/impl/msg/XMLSerializerMessages_en_GB done
Event: 3.883 loading class com/sun/org/apache/xerces/internal/impl/msg/XMLSerializerMessages_en_GB
Event: 3.883 loading class com/sun/org/apache/xerces/internal/impl/msg/XMLSerializerMessages_en_GB done
Event: 3.888 loading class com/sun/org/apache/xerces/internal/impl/msg/XMLMessages
Event: 3.888 loading class com/sun/org/apache/xerces/internal/impl/msg/XMLMessages done
Event: 3.888 loading class com/sun/org/apache/xerces/internal/impl/msg/XMLMessages
Event: 3.888 loading class com/sun/org/apache/xerces/internal/impl/msg/XMLMessages done
Event: 3.892 loading class com/sun/org/apache/xerces/internal/impl/msg/XMLMessages_en
Event: 3.892 loading class com/sun/org/apache/xerces/internal/impl/msg/XMLMessages_en done
Event: 3.892 loading class com/sun/org/apache/xerces/internal/impl/msg/XMLMessages_en
Event: 3.892 loading class com/sun/org/apache/xerces/internal/impl/msg/XMLMessages_en done
Event: 3.892 loading class com/sun/org/apache/xerces/internal/impl/msg/XMLMessages_en_GB
Event: 3.892 loading class com/sun/org/apache/xerces/internal/impl/msg/XMLMessages_en_GB done
Event: 3.892 loading class com/sun/org/apache/xerces/internal/impl/msg/XMLMessages_en_GB
Event: 3.892 loading class com/sun/org/apache/xerces/internal/impl/msg/XMLMessages_en_GB done
Event: 3.903 Thread 0x000002ccabb44c00 Thread added: 0x000002ccabb44c00
Event: 3.918 loading class java/lang/ProcessEnvironment
Event: 3.919 loading class java/lang/ProcessEnvironment done


Dynamic libraries:
0x00007ff60a530000 - 0x00007ff60a53e000 	c:\Users\Make Tomorrow Better\.vscode\extensions\redhat.java-1.16.0-win32-x64\jre\17.0.6-win32-x86_64\bin\java.exe
0x00007ffd3b0a0000 - 0x00007ffd3b28d000 	C:\Windows\SYSTEM32\ntdll.dll
0x00007ffd3a670000 - 0x00007ffd3a723000 	C:\Windows\System32\KERNEL32.DLL
0x00007ffd371c0000 - 0x00007ffd37453000 	C:\Windows\System32\KERNELBASE.dll
0x00007ffd37df0000 - 0x00007ffd37eea000 	C:\Windows\System32\ucrtbase.dll
0x00007ffd35d20000 - 0x00007ffd35d37000 	c:\Users\Make Tomorrow Better\.vscode\extensions\redhat.java-1.16.0-win32-x64\jre\17.0.6-win32-x86_64\bin\jli.dll
0x00007ffd3a910000 - 0x00007ffd3aaa7000 	C:\Windows\System32\USER32.dll
0x00007ffd37460000 - 0x00007ffd37480000 	C:\Windows\System32\win32u.dll
0x00007ffd3a500000 - 0x00007ffd3a529000 	C:\Windows\System32\GDI32.dll
0x00007ffd37bd0000 - 0x00007ffd37d69000 	C:\Windows\System32\gdi32full.dll
0x00007ffd38120000 - 0x00007ffd381c0000 	C:\Windows\System32\msvcp_win.dll
0x00007ffd35d00000 - 0x00007ffd35d19000 	c:\Users\Make Tomorrow Better\.vscode\extensions\redhat.java-1.16.0-win32-x64\jre\17.0.6-win32-x86_64\bin\VCRUNTIME140.dll
0x00007ffd268c0000 - 0x00007ffd26b39000 	C:\Windows\WinSxS\amd64_microsoft.windows.common-controls_6595b64144ccf1df_6.0.17763.973_none_05b245900721eb81\COMCTL32.dll
0x00007ffd38f50000 - 0x00007ffd38fee000 	C:\Windows\System32\msvcrt.dll
0x00007ffd3aab0000 - 0x00007ffd3addc000 	C:\Windows\System32\combase.dll
0x00007ffd3a540000 - 0x00007ffd3a662000 	C:\Windows\System32\RPCRT4.dll
0x00007ffd37d70000 - 0x00007ffd37dee000 	C:\Windows\System32\bcryptPrimitives.dll
0x00007ffd3aeb0000 - 0x00007ffd3aede000 	C:\Windows\System32\IMM32.DLL
0x00007ffd29700000 - 0x00007ffd2970c000 	c:\Users\Make Tomorrow Better\.vscode\extensions\redhat.java-1.16.0-win32-x64\jre\17.0.6-win32-x86_64\bin\vcruntime140_1.dll
0x00007ffd00880000 - 0x00007ffd00911000 	c:\Users\Make Tomorrow Better\.vscode\extensions\redhat.java-1.16.0-win32-x64\jre\17.0.6-win32-x86_64\bin\msvcp140.dll
0x00007ffcefac0000 - 0x00007ffcf0707000 	c:\Users\Make Tomorrow Better\.vscode\extensions\redhat.java-1.16.0-win32-x64\jre\17.0.6-win32-x86_64\bin\server\jvm.dll
0x00007ffd3a730000 - 0x00007ffd3a7d3000 	C:\Windows\System32\ADVAPI32.dll
0x00007ffd38740000 - 0x00007ffd387de000 	C:\Windows\System32\sechost.dll
0x00007ffd0ebd0000 - 0x00007ffd0ebd9000 	C:\Windows\SYSTEM32\WSOCK32.dll
0x00007ffd3a8a0000 - 0x00007ffd3a90d000 	C:\Windows\System32\WS2_32.dll
0x00007ffd34ef0000 - 0x00007ffd34f14000 	C:\Windows\SYSTEM32\WINMM.dll
0x00007ffd35c30000 - 0x00007ffd35c3a000 	C:\Windows\SYSTEM32\VERSION.dll
0x00007ffd34ec0000 - 0x00007ffd34eed000 	C:\Windows\SYSTEM32\WINMMBASE.dll
0x00007ffd37ef0000 - 0x00007ffd37f3a000 	C:\Windows\System32\cfgmgr32.dll
0x00007ffd37110000 - 0x00007ffd37121000 	C:\Windows\System32\kernel.appcore.dll
0x00007ffd26f00000 - 0x00007ffd26f0a000 	c:\Users\Make Tomorrow Better\.vscode\extensions\redhat.java-1.16.0-win32-x64\jre\17.0.6-win32-x86_64\bin\jimage.dll
0x00007ffd24e30000 - 0x00007ffd2501d000 	C:\Windows\SYSTEM32\DBGHELP.DLL
0x00007ffd26070000 - 0x00007ffd2609a000 	C:\Windows\SYSTEM32\dbgcore.DLL
0x00007ffd26d10000 - 0x00007ffd26d1e000 	c:\Users\Make Tomorrow Better\.vscode\extensions\redhat.java-1.16.0-win32-x64\jre\17.0.6-win32-x86_64\bin\instrument.dll
0x00007ffd208e0000 - 0x00007ffd20905000 	c:\Users\Make Tomorrow Better\.vscode\extensions\redhat.java-1.16.0-win32-x64\jre\17.0.6-win32-x86_64\bin\java.dll
0x00007ffd20bc0000 - 0x00007ffd20bd8000 	c:\Users\Make Tomorrow Better\.vscode\extensions\redhat.java-1.16.0-win32-x64\jre\17.0.6-win32-x86_64\bin\zip.dll
0x00007ffd39000000 - 0x00007ffd3a4f4000 	C:\Windows\System32\SHELL32.dll
0x00007ffd389f0000 - 0x00007ffd38a98000 	C:\Windows\System32\shcore.dll
0x00007ffd37480000 - 0x00007ffd37bcd000 	C:\Windows\System32\windows.storage.dll
0x00007ffd37130000 - 0x00007ffd37154000 	C:\Windows\System32\profapi.dll
0x00007ffd37090000 - 0x00007ffd370ed000 	C:\Windows\System32\powrprof.dll
0x00007ffd3a840000 - 0x00007ffd3a892000 	C:\Windows\System32\shlwapi.dll
0x00007ffd381c0000 - 0x00007ffd381d7000 	C:\Windows\System32\cryptsp.dll
0x00007ffd1b940000 - 0x00007ffd1b959000 	C:\Users\Make Tomorrow Better\.vscode\extensions\redhat.java-1.16.0-win32-x64\jre\17.0.6-win32-x86_64\bin\net.dll
0x00007ffd2de90000 - 0x00007ffd2df82000 	C:\Windows\SYSTEM32\WINHTTP.dll
0x00007ffd368a0000 - 0x00007ffd36907000 	C:\Windows\system32\mswsock.dll
0x00007ffd1b920000 - 0x00007ffd1b935000 	C:\Users\Make Tomorrow Better\.vscode\extensions\redhat.java-1.16.0-win32-x64\jre\17.0.6-win32-x86_64\bin\nio.dll
0x00007ffd20f80000 - 0x00007ffd20f90000 	c:\Users\Make Tomorrow Better\.vscode\extensions\redhat.java-1.16.0-win32-x64\jre\17.0.6-win32-x86_64\bin\verify.dll
0x00007ffd0deb0000 - 0x00007ffd0deee000 	C:\Users\Make Tomorrow Better\AppData\Roaming\Code\User\globalStorage\redhat.java\1.16.0\config_ss_win\org.eclipse.equinox.launcher\org.eclipse.equinox.launcher.win32.win32.x86_64_1.2.700.v20221108-1024\eclipse_11801.dll
0x00007ffd387e0000 - 0x00007ffd38935000 	C:\Windows\System32\ole32.dll

dbghelp: loaded successfully - version: 4.0.5 - missing functions: none
symbol engine: initialized successfully - sym options: 0x614 - pdb path: .;c:\Users\Make Tomorrow Better\.vscode\extensions\redhat.java-1.16.0-win32-x64\jre\17.0.6-win32-x86_64\bin;C:\Windows\SYSTEM32;C:\Windows\WinSxS\amd64_microsoft.windows.common-controls_6595b64144ccf1df_6.0.17763.973_none_05b245900721eb81;c:\Users\Make Tomorrow Better\.vscode\extensions\redhat.java-1.16.0-win32-x64\jre\17.0.6-win32-x86_64\bin\server;C:\Users\Make Tomorrow Better\AppData\Roaming\Code\User\globalStorage\redhat.java\1.16.0\config_ss_win\org.eclipse.equinox.launcher\org.eclipse.equinox.launcher.win32.win32.x86_64_1.2.700.v20221108-1024

VM Arguments:
jvm_args: --add-modules=ALL-SYSTEM --add-opens=java.base/java.util=ALL-UNNAMED --add-opens=java.base/java.lang=ALL-UNNAMED --add-opens=java.base/sun.nio.fs=ALL-UNNAMED -Declipse.application=org.eclipse.jdt.ls.core.id1 -Dosgi.bundles.defaultStartLevel=4 -Declipse.product=org.eclipse.jdt.ls.core.product -Djava.import.generatesMetadataFilesAtProjectRoot=false -Dfile.encoding=utf8 -XX:+UseParallelGC -XX:GCTimeRatio=4 -XX:AdaptiveSizePolicyWeight=90 -Dsun.zip.disableMemoryMapping=true -Xmx1G -Xms100m -Xlog:disable -javaagent:c:\Users\Make Tomorrow Better\.vscode\extensions\redhat.java-1.16.0-win32-x64\lombok\lombok-1.18.24.jar 
java_command: c:\Users\Make Tomorrow Better\.vscode\extensions\redhat.java-1.16.0-win32-x64\server\plugins\org.eclipse.equinox.launcher_1.6.400.v20210924-0641.jar -configuration c:\Users\Make Tomorrow Better\AppData\Roaming\Code\User\globalStorage\redhat.java\1.16.0\config_ss_win -data c:\Users\Make Tomorrow Better\AppData\Roaming\Code\User\workspaceStorage\fc133208676e33f16296db528294fcae\redhat.java\ss_ws
java_class_path (initial): c:\Users\Make Tomorrow Better\.vscode\extensions\redhat.java-1.16.0-win32-x64\server\plugins\org.eclipse.equinox.launcher_1.6.400.v20210924-0641.jar
Launcher Type: SUN_STANDARD

[Global flags]
    uintx AdaptiveSizePolicyWeight                 = 90                                        {product} {command line}
     intx CICompilerCount                          = 3                                         {product} {ergonomic}
    uintx GCTimeRatio                              = 4                                         {product} {command line}
   size_t InitialHeapSize                          = 104857600                                 {product} {command line}
   size_t MaxHeapSize                              = 1073741824                                {product} {command line}
   size_t MaxNewSize                               = 357564416                                 {product} {ergonomic}
   size_t MinHeapDeltaBytes                        = 524288                                    {product} {ergonomic}
   size_t MinHeapSize                              = 104857600                                 {product} {command line}
   size_t NewSize                                  = 34603008                                  {product} {ergonomic}
    uintx NonNMethodCodeHeapSize                   = 5832780                                {pd product} {ergonomic}
    uintx NonProfiledCodeHeapSize                  = 122912730                              {pd product} {ergonomic}
   size_t OldSize                                  = 70254592                                  {product} {ergonomic}
    uintx ProfiledCodeHeapSize                     = 122912730                              {pd product} {ergonomic}
    uintx ReservedCodeCacheSize                    = 251658240                              {pd product} {ergonomic}
     bool SegmentedCodeCache                       = true                                      {product} {ergonomic}
   size_t SoftMaxHeapSize                          = 1073741824                             {manageable} {ergonomic}
     bool UseCompressedClassPointers               = true                           {product lp64_product} {ergonomic}
     bool UseCompressedOops                        = true                           {product lp64_product} {ergonomic}
     bool UseLargePagesIndividualAllocation        = false                                  {pd product} {ergonomic}
     bool UseParallelGC                            = true                                      {product} {command line}

Logging:
Log output configuration:
 #0: stdout all=off uptime,level,tags
 #1: stderr all=off uptime,level,tags

Environment Variables:
PATH=C:\Python311\Scripts\;C:\Python311\;C:\Python38\Scripts\;C:\Python38\;C:\ProgramData\Oracle\Java\javapath;C:\Program Files (x86)\Intel\Intel(R) Management Engine Components\iCLS\;C:\Program Files\Intel\Intel(R) Management Engine Components\iCLS\;C:\Windows\system32;C:\Windows;C:\Windows\System32\Wbem;C:\Windows\System32\WindowsPowerShell\v1.0\;C:\Windows\System32\OpenSSH\;C:\Program Files (x86)\Intel\Intel(R) Management Engine Components\DAL;C:\Program Files\Intel\Intel(R) Management Engine Components\DAL;C:\Program Files\Java\jdk-11.0.2\bin;C:\Program Files\Git\cmd;C:\Program Files\Git\bin;C:\Program Files\PuTTY\;C:\Program Files\Java\jdk1.8.0_45\bin;C:\Program Files\Java\apache-maven-3.6.2\bin;C:\Program Files\Microsoft SQL Server\Client SDK\ODBC\130\Tools\Binn\;C:\Program Files (x86)\Geany\bin;C:\ProgramData\chocolatey\bin;C:\Program Files\Amazon\AWSCLIV2\;C:\Users\Make Tomorrow Better\Downloads\sqlite-tools-win32-x86-3320000\sqlite-tools-win32-x86-3320000\;C:\Program Files\dotnet\;C:\Program Files\Microsoft SQL Server\Client SDK\ODBC\170\Tools\Binn\;D:\Matlab\bin;%NVM_HOME%;%NVM_SYMLINK%;C:\Users\Make Tomorrow Better\AppData\Local\Programs\Python\Python37-32\Scripts\;C:\Users\Make Tomorrow Better\AppData\Local\Programs\Python\Python37-32\;C:\Users\Make Tomorrow Better\AppData\Local\Programs\Python\Python37\Scripts\;C:\Users\Make Tomorrow Better\AppData\Local\Programs\Python\Python37\;C:\Users\Make Tomorrow Better\AppData\Local\Microsoft\WindowsApps;C:\Users\Make Tomorrow Better\AppData\Local\Programs\Microsoft VS Code\bin;C:\Program Files\heroku\bin;C:\Users\Make Tomorrow Better\AppData\Roaming\npm;C:\Users\Make Tomorrow Better\AppData\Local\GitHubDesktop\bin;C:\Users\Make Tomorrow Better\AppData\Local\Android\Sdk;C:\Users\Make Tomorrow Better\AppData\Local\Android\Sdk\platform-tools;C:\Users\Make Tomorrow Better\AppData\Roaming\nvm;C:\Program Files\nodejs
USERNAME=Make Tomorrow Better
OS=Windows_NT
PROCESSOR_IDENTIFIER=Intel64 Family 6 Model 158 Stepping 10, GenuineIntel
TMP=C:\Users\MAKETO~1\AppData\Local\Temp
TEMP=C:\Users\MAKETO~1\AppData\Local\Temp



---------------  S Y S T E M  ---------------

OS:
 Windows 10 , 64 bit Build 17763 (10.0.17763.475)
OS uptime: 0 days 13:26 hours

CPU: total 6 (initial active 6) (6 cores per cpu, 1 threads per core) family 6 model 158 stepping 10 microcode 0x96, cx8, cmov, fxsr, mmx, 3dnowpref, sse, sse2, sse3, ssse3, sse4.1, sse4.2, popcnt, lzcnt, tsc, tscinvbit, avx, avx2, aes, erms, clmul, bmi1, bmi2, adx, fma, vzeroupper, clflush, clflushopt

Memory: 4k page, system-wide physical 16211M (2392M free)
TotalPageFile size 19286M (AvailPageFile size 4M)
current process WorkingSet (physical memory assigned to process): 124M, peak: 126M
current process commit charge ("private bytes"): 226M, peak: 230M

vm_info: OpenJDK 64-Bit Server VM (17.0.6+10) for windows-amd64 JRE (17.0.6+10), built on Jan 18 2023 10:08:59 by "temurin" with MS VC++ 16.7 (VS2019)

END.
